#
# There is insufficient memory for the Java Runtime Environment to continue.
# Native memory allocation (mmap) failed to map 266338304 bytes for Failed to commit area from 0x0000000702e00000 to 0x0000000712c00000 of length 266338304.
# Possible reasons:
#   The system is out of physical RAM or swap space
#   The process is running with CompressedOops enabled, and the Java Heap may be blocking the growth of the native heap
# Possible solutions:
#   Reduce memory load on the system
#   Increase physical memory or swap space
#   Check if swap backing store is full
#   Decrease Java heap size (-Xmx/-Xms)
#   Decrease number of Java threads
#   Decrease Java thread stack sizes (-Xss)
#   Set larger code cache with -XX:ReservedCodeCacheSize=
# This output file may be truncated or incomplete.
#
#  Out of Memory Error (./open/src/hotspot/os/windows/os_windows.cpp:3292), pid=19588, tid=10960
#
# JRE version:  (11.0.18+9) (build )
# Java VM: Java HotSpot(TM) 64-Bit Server VM (11.0.18+9-LTS-195, mixed mode, sharing, tiered, compressed oops, g1 gc, windows-amd64)
# No core dump will be written. Minidumps are not enabled by default on client versions of Windows
#

---------------  S U M M A R Y ------------

Command Line: -agentlib:jdwp=transport=dt_socket,suspend=y,address=localhost:53741 -Dmaven.home=EMBEDDED -Dclassworlds.conf=C:\Users\manhnd43\.metadata\.plugins\org.eclipse.m2e.launching\launches\m2conf6130813654567208795.tmp -Dmaven.multiModuleProjectDirectory=M:\program\Project\microservice\api-gateway -javaagent:M:\program\Eclipse\eclipse\configuration\org.eclipse.osgi\225\0\.cp\lib\javaagent-shaded.jar -Dfile.encoding=UTF-8 org.codehaus.plexus.classworlds.launcher.Launcher -B -Dmaven.test.skip=true -DskipTests -gs C:\Users\manhnd43\Downloads\settings.xml -s C:\Users\manhnd43\Downloads\settings.xml clean install

Host: Intel(R) Core(TM) i5-10400 CPU @ 2.90GHz, 12 cores, 15G,  Windows 10 , 64 bit Build 19041 (10.0.19041.1566)
Time: Wed May 17 15:30:35 2023 SE Asia Standard Time elapsed time: 0.007511 seconds (0d 0h 0m 0s)

---------------  T H R E A D  ---------------

Current thread (0x000002af46c0e000):  JavaThread "Unknown thread" [_thread_in_vm, id=10960, stack(0x000000ea77800000,0x000000ea77900000)]

Stack: [0x000000ea77800000,0x000000ea77900000]
Native frames: (J=compiled Java code, j=interpreted, Vv=VM code, C=native code)
V  [jvm.dll+0x65d8aa]
V  [jvm.dll+0x79fc1f]
V  [jvm.dll+0x7a12e9]
V  [jvm.dll+0x7a1983]
V  [jvm.dll+0x2585b5]
V  [jvm.dll+0x65ac09]
V  [jvm.dll+0x64f8e5]
V  [jvm.dll+0x311d4d]
V  [jvm.dll+0x311bb2]
V  [jvm.dll+0x3167e6]
V  [jvm.dll+0x35e8d0]
V  [jvm.dll+0x35e342]
V  [jvm.dll+0x2ed488]
V  [jvm.dll+0x2ee595]
V  [jvm.dll+0x779257]
V  [jvm.dll+0x77ab3f]
V  [jvm.dll+0x36bb59]
V  [jvm.dll+0x75dd4f]
V  [jvm.dll+0x3dd5b7]
V  [jvm.dll+0x3df661]
C  [jli.dll+0x52e7]
C  [ucrtbase.dll+0x21bb2]
C  [KERNEL32.DLL+0x17034]
C  [ntdll.dll+0x52651]


---------------  P R O C E S S  ---------------

Threads class SMR info:
_java_thread_list=0x000002af44ac3d40, length=0, elements={
}

Java Threads: ( => current thread )

Other Threads:
  0x000002af46c23000 GCTaskThread "GC Thread#0" [stack: 0x000000ea77900000,0x000000ea77a00000] [id=11888]
  0x000002af46c81800 ConcurrentGCThread "G1 Main Marker" [stack: 0x000000ea77a00000,0x000000ea77b00000] [id=25484]
  0x000002af46c84000 ConcurrentGCThread "G1 Conc#0" [stack: 0x000000ea77b00000,0x000000ea77c00000] [id=24056]

[error occurred during error reporting (printing all threads), id 0xc0000005, EXCEPTION_ACCESS_VIOLATION (0xc0000005) at pc=0x00007ff91f8aded7]

VM state:not at safepoint (not fully initialized)

VM Mutex/Monitor currently owned by a thread:  ([mutex/lock_event])
[0x000002af46c0a4e0] Heap_lock - owner thread: 0x000002af46c0e000

Heap address: 0x0000000702e00000, size: 4050 MB, Compressed Oops mode: Non-zero based: 0x0000000702e00000
Narrow klass base: 0x0000000000000000, Narrow klass shift: 0

GC Heap History (0 events):
No events

Deoptimization events (0 events):
No events

Classes redefined (0 events):
No events

Internal exceptions (0 events):
No events

Events (0 events):
No events


Dynamic libraries:
0x00007ff70af20000 - 0x00007ff70af30000 	C:\Program Files\Java\jdk-11\bin\javaw.exe
0x00007ff9c14b0000 - 0x00007ff9c16a5000 	C:\Windows\SYSTEM32\ntdll.dll
0x00007ff9bfd60000 - 0x00007ff9bfe1e000 	C:\Windows\System32\KERNEL32.DLL
0x00007ff9becd0000 - 0x00007ff9bef98000 	C:\Windows\System32\KERNELBASE.dll
0x00007ff9bebd0000 - 0x00007ff9becd0000 	C:\Windows\System32\ucrtbase.dll
0x00007ff98ae50000 - 0x00007ff98ae6b000 	C:\Program Files\Java\jdk-11\bin\VCRUNTIME140.dll
0x00007ff992bb0000 - 0x00007ff992bc8000 	C:\Program Files\Java\jdk-11\bin\jli.dll
0x00007ff9bf510000 - 0x00007ff9bf5be000 	C:\Windows\System32\ADVAPI32.dll
0x00007ff9c04a0000 - 0x00007ff9c053e000 	C:\Windows\System32\msvcrt.dll
0x00007ff9bfb10000 - 0x00007ff9bfbac000 	C:\Windows\System32\sechost.dll
0x00007ff9bf820000 - 0x00007ff9bf945000 	C:\Windows\System32\RPCRT4.dll
0x00007ff9bfe20000 - 0x00007ff9bffc0000 	C:\Windows\System32\USER32.dll
0x00007ff9bf440000 - 0x00007ff9bf462000 	C:\Windows\System32\win32u.dll
0x00007ff9bf7f0000 - 0x00007ff9bf81b000 	C:\Windows\System32\GDI32.dll
0x00007ff9b00b0000 - 0x00007ff9b034a000 	C:\Windows\WinSxS\amd64_microsoft.windows.common-controls_6595b64144ccf1df_6.0.19041.1110_none_60b5254171f9507e\COMCTL32.dll
0x00007ff9befa0000 - 0x00007ff9bf0ab000 	C:\Windows\System32\gdi32full.dll
0x00007ff9bf470000 - 0x00007ff9bf50d000 	C:\Windows\System32\msvcp_win.dll
0x00007ff9b6ba0000 - 0x00007ff9b6baa000 	C:\Windows\SYSTEM32\VERSION.dll
0x00007ff9bfae0000 - 0x00007ff9bfb10000 	C:\Windows\System32\IMM32.DLL
0x00007ff999930000 - 0x00007ff99993c000 	C:\Program Files\Java\jdk-11\bin\vcruntime140_1.dll
0x00007ff97d900000 - 0x00007ff97d98e000 	C:\Program Files\Java\jdk-11\bin\msvcp140.dll
0x00007ff91f5b0000 - 0x00007ff920118000 	C:\Program Files\Java\jdk-11\bin\server\jvm.dll
0x00007ff9bf950000 - 0x00007ff9bf958000 	C:\Windows\System32\PSAPI.DLL
0x00007ff9b11b0000 - 0x00007ff9b11d7000 	C:\Windows\SYSTEM32\WINMM.dll
0x00007ff9b6dd0000 - 0x00007ff9b6dd9000 	C:\Windows\SYSTEM32\WSOCK32.dll
0x00007ff9bf960000 - 0x00007ff9bf9cb000 	C:\Windows\System32\WS2_32.dll
0x00007ff9bca20000 - 0x00007ff9bca32000 	C:\Windows\SYSTEM32\kernel.appcore.dll
0x00007ff992c80000 - 0x00007ff992c90000 	C:\Program Files\Java\jdk-11\bin\verify.dll
0x00007ff9b0980000 - 0x00007ff9b0b64000 	C:\Windows\SYSTEM32\DBGHELP.DLL
0x00007ff9b1020000 - 0x00007ff9b104c000 	C:\Windows\SYSTEM32\dbgcore.DLL
0x00007ff9bf0b0000 - 0x00007ff9bf132000 	C:\Windows\System32\bcryptPrimitives.dll
0x00007ff98ae20000 - 0x00007ff98ae48000 	C:\Program Files\Java\jdk-11\bin\java.dll
0x00007ff9921c0000 - 0x00007ff9921ca000 	C:\Program Files\Java\jdk-11\bin\jimage.dll
0x00007ff97e630000 - 0x00007ff97e668000 	C:\Program Files\Java\jdk-11\bin\jdwp.dll
0x00007ff984080000 - 0x00007ff98408e000 	C:\Program Files\Java\jdk-11\bin\instrument.dll
0x00007ff98ac90000 - 0x00007ff98aca7000 	C:\Program Files\Java\jdk-11\bin\zip.dll

dbghelp: loaded successfully - version: 4.0.5 - missing functions: none
symbol engine: initialized successfully - sym options: 0x614 - pdb path: .;C:\Program Files\Java\jdk-11\bin;C:\Windows\SYSTEM32;C:\Windows\WinSxS\amd64_microsoft.windows.common-controls_6595b64144ccf1df_6.0.19041.1110_none_60b5254171f9507e;C:\Program Files\Java\jdk-11\bin\server

VM Arguments:
jvm_args: -agentlib:jdwp=transport=dt_socket,suspend=y,address=localhost:53741 -Dmaven.home=EMBEDDED -Dclassworlds.conf=C:\Users\manhnd43\.metadata\.plugins\org.eclipse.m2e.launching\launches\m2conf6130813654567208795.tmp -Dmaven.multiModuleProjectDirectory=M:\program\Project\microservice\api-gateway -javaagent:M:\program\Eclipse\eclipse\configuration\org.eclipse.osgi\225\0\.cp\lib\javaagent-shaded.jar -Dfile.encoding=UTF-8 
java_command: org.codehaus.plexus.classworlds.launcher.Launcher -B -Dmaven.test.skip=true -DskipTests -gs C:\Users\manhnd43\Downloads\settings.xml -s C:\Users\manhnd43\Downloads\settings.xml clean install
java_class_path (initial): M:\program\Eclipse\eclipse\plugins\org.eclipse.m2e.maven.runtime_1.18.3.20220227-1319\jars\plexus-classworlds-2.6.0.jar
Launcher Type: SUN_STANDARD

[Global flags]
     intx CICompilerCount                          = 4                                         {product} {ergonomic}
     uint ConcGCThreads                            = 3                                         {product} {ergonomic}
     uint G1ConcRefinementThreads                  = 10                                        {product} {ergonomic}
   size_t G1HeapRegionSize                         = 1048576                                   {product} {ergonomic}
    uintx GCDrainStackTargetSize                   = 64                                        {product} {ergonomic}
   size_t InitialHeapSize                          = 266338304                                 {product} {ergonomic}
   size_t MarkStackSize                            = 4194304                                   {product} {ergonomic}
   size_t MaxHeapSize                              = 4246732800                                {product} {ergonomic}
   size_t MinHeapDeltaBytes                        = 1048576                                   {product} {ergonomic}
    uintx NonNMethodCodeHeapSize                   = 5836300                                {pd product} {ergonomic}
    uintx NonProfiledCodeHeapSize                  = 122910970                              {pd product} {ergonomic}
    uintx ProfiledCodeHeapSize                     = 122910970                              {pd product} {ergonomic}
    uintx ReservedCodeCacheSize                    = 251658240                              {pd product} {ergonomic}
     bool SegmentedCodeCache                       = true                                      {product} {ergonomic}
     bool UseCompressedClassPointers               = true                                 {lp64_product} {ergonomic}
     bool UseCompressedOops                        = true                                 {lp64_product} {ergonomic}
     bool UseG1GC                                  = true                                      {product} {ergonomic}
     bool UseLargePagesIndividualAllocation        = false                                  {pd product} {ergonomic}

Logging:
Log output configuration:
 #0: stdout all=warning uptime,level,tags
 #1: stderr all=off uptime,level,tags

Environment Variables:
JAVA_HOME=C:\Program Files\Java\jdk-11
JRE_HOME=C:\Program Files\Java\jre1.8.0_341
PATH=M:/program/Eclipse/eclipse//plugins/org.eclipse.justj.openjdk.hotspot.jre.full.win32.x86_64_17.0.2.v20220201-1208/jre/bin/server;M:/program/Eclipse/eclipse//plugins/org.eclipse.justj.openjdk.hotspot.jre.full.win32.x86_64_17.0.2.v20220201-1208/jre/bin;C:\Program Files\Common Files\Oracle\Java\javapath;C:\Program Files (x86)\Common Files\Oracle\Java\javapath;C:\Windows\system32;C:\Windows;C:\Windows\System32\Wbem;C:\Windows\System32\WindowsPowerShell\v1.0\;C:\Windows\System32\OpenSSH\;C:\Program Files\Git\cmd;C:\Program Files\TortoiseSVN\bin;C:\Program Files\Java\jdk1.8.0_202;%MAVEN_HOME%\bin;C:\Program Files\TortoiseGit\bin;C:\Program Files\Docker\Docker\resources\bin;C:\Program Files\dotnet\;C:\Program Files\Microsoft SQL Server\Client SDK\ODBC\170\Tools\Binn\;C:\Program Files (x86)\Microsoft SQL Server\160\DTS\Binn\;C:\Program Files\nodejs\;C:\Program Files\Microsoft SQL Server\150\Tools\Binn\;C:\Program Files\Microsoft SQL Server\Client SDK\ODBC\130\Tools\Binn\;C:\Program Files (x86)\Microsoft SQL Server\140\Tools\Binn\;C:\Program Files\Microsoft SQL Server\140\Tools\Binn\;C:\Program Files\Microsoft SQL Server\140\DTS\Binn\;C:\Program Files\Java\jre1.8.0_361\bin\;C:\Program Files\MySQL\MySQL Shell 8.0\bin\;C:\Users\manhnd43\AppData\Local\Microsoft\WindowsApps;C:\Users\manhnd43\.dotnet\tools;C:\Program Files\Azure Data Studio\bin;M:\program\Visual Code\Microsoft VS Code\bin;C:\Users\manhnd43\AppData\Roaming\npm;M:\program\Eclipse\eclipse;
USERNAME=manhnd43
OS=Windows_NT
PROCESSOR_IDENTIFIER=Intel64 Family 6 Model 165 Stepping 3, GenuineIntel



---------------  S Y S T E M  ---------------

OS: Windows 10 , 64 bit Build 19041 (10.0.19041.1566)

CPU:total 12 (initial active 12) (6 cores per cpu, 2 threads per core) family 6 model 165 stepping 3 microcode 0xea, cmov, cx8, fxsr, mmx, sse, sse2, sse3, ssse3, sse4.1, sse4.2, popcnt, avx, avx2, aes, clmul, erms, 3dnowpref, lzcnt, ht, tsc, tscinvbit, bmi1, bmi2, adx, fma

Memory: 4k page, system-wide physical 16194M (922M free)
TotalPageFile size 33840M (AvailPageFile size 239M)
current process WorkingSet (physical memory assigned to process): 10M, peak: 10M
current process commit charge ("private bytes"): 64M, peak: 318M

vm_info: Java HotSpot(TM) 64-Bit Server VM (11.0.18+9-LTS-195) for windows-amd64 JRE (11.0.18+9-LTS-195), built on Dec  6 2022 15:50:58 by "mach5one" with MS VC++ 17.1 (VS2022)

END.
