#
# There is insufficient memory for the Java Runtime Environment to continue.
# Native memory allocation (mmap) failed to map 53477376 bytes for Failed to commit area from 0x0000000712c00000 to 0x0000000715f00000 of length 53477376.
# Possible reasons:
#   The system is out of physical RAM or swap space
#   The process is running with CompressedOops enabled, and the Java Heap may be blocking the growth of the native heap
# Possible solutions:
#   Reduce memory load on the system
#   Increase physical memory or swap space
#   Check if swap backing store is full
#   Decrease Java heap size (-Xmx/-Xms)
#   Decrease number of Java threads
#   Decrease Java thread stack sizes (-Xss)
#   Set larger code cache with -XX:ReservedCodeCacheSize=
#   JVM is running with Zero Based Compressed Oops mode in which the Java heap is
#     placed in the first 32GB address space. The Java Heap base address is the
#     maximum limit for the native heap growth. Please use -XX:HeapBaseMinAddress
#     to set the Java Heap base and to place the Java Heap above 32GB virtual address.
# This output file may be truncated or incomplete.
#
#  Out of Memory Error (./open/src/hotspot/os/windows/os_windows.cpp:3292), pid=18500, tid=18616
#
# JRE version: Java(TM) SE Runtime Environment 18.9 (11.0.18+9) (build 11.0.18+9-LTS-195)
# Java VM: Java HotSpot(TM) 64-Bit Server VM 18.9 (11.0.18+9-LTS-195, mixed mode, tiered, compressed oops, g1 gc, windows-amd64)
# No core dump will be written. Minidumps are not enabled by default on client versions of Windows
#

---------------  S U M M A R Y ------------

Command Line: -agentlib:jdwp=transport=dt_socket,suspend=y,address=localhost:53711 -Dcom.sun.management.jmxremote -Dcom.sun.management.jmxremote.port=53684 -Dcom.sun.management.jmxremote.authenticate=false -Dcom.sun.management.jmxremote.ssl=false -Djava.rmi.server.hostname=localhost -Dspring.jmx.enabled=true -Dspring.application.admin.enabled=true -XX:TieredStopAtLevel=1 -Dspring.boot.project.name=auth-service -javaagent:M:\program\Eclipse\eclipse\configuration\org.eclipse.osgi\225\0\.cp\lib\javaagent-shaded.jar -Dfile.encoding=UTF-8 com.manhnd.apigateway.ApiGatewayApplication

Host: Intel(R) Core(TM) i5-10400 CPU @ 2.90GHz, 12 cores, 15G,  Windows 10 , 64 bit Build 19041 (10.0.19041.1566)
Time: Wed May 17 15:30:24 2023 SE Asia Standard Time elapsed time: 2.705867 seconds (0d 0h 0m 2s)

---------------  T H R E A D  ---------------

Current thread (0x00000189dcd91800):  VMThread "VM Thread" [stack: 0x0000001d85100000,0x0000001d85200000] [id=18616]

Stack: [0x0000001d85100000,0x0000001d85200000]
[error occurred during error reporting (printing stack bounds), id 0xc0000005, EXCEPTION_ACCESS_VIOLATION (0xc0000005) at pc=0x00000189c1440f2d]

Native frames: (J=compiled Java code, j=interpreted, Vv=VM code, C=native code)
V  [jvm.dll+0x65d8aa]
V  [jvm.dll+0x79fc1f]
V  [jvm.dll+0x7a12e9]
V  [jvm.dll+0x7a18e5]
V  [jvm.dll+0x7a189b]
V  [jvm.dll+0x65cdb3]
V  [jvm.dll+0x65d4a8]
C  [ntdll.dll+0xa20cf]
C  [ntdll.dll+0x51454]
C  [ntdll.dll+0xa0bfe]
C  0x00000189c1440f2d

VM_Operation (0x0000001d867f75d0): G1CollectForAllocation, mode: safepoint, requested by thread 0x00000189def18800


---------------  P R O C E S S  ---------------

Threads class SMR info:
_java_thread_list=0x00000189e1192450, length=23, elements={
0x00000189b9d73000, 0x00000189dcdae000, 0x00000189dcdb7000, 0x00000189dd6ae800,
0x00000189dd6af800, 0x00000189dd6b0800, 0x00000189dd6bb800, 0x00000189dd6c0000,
0x00000189dcd67000, 0x00000189dd868000, 0x00000189dd869800, 0x00000189dd86a800,
0x00000189de451000, 0x00000189de471000, 0x00000189de48c000, 0x00000189deef4000,
0x00000189def18800, 0x00000189df050800, 0x00000189df078800, 0x00000189df09f000,
0x00000189df0ca000, 0x00000189e0e6a800, 0x00000189e0e70800
}

Java Threads: ( => current thread )
  0x00000189b9d73000 JavaThread "main" [_thread_blocked, id=25060, stack(0x0000001d84b00000,0x0000001d84c00000)]
  0x00000189dcdae000 JavaThread "Reference Handler" daemon [_thread_blocked, id=17116, stack(0x0000001d85200000,0x0000001d85300000)]
  0x00000189dcdb7000 JavaThread "Finalizer" daemon [_thread_blocked, id=13024, stack(0x0000001d85300000,0x0000001d85400000)]
  0x00000189dd6ae800 JavaThread "Signal Dispatcher" daemon [_thread_blocked, id=26468, stack(0x0000001d85400000,0x0000001d85500000)]
  0x00000189dd6af800 JavaThread "Attach Listener" daemon [_thread_blocked, id=14044, stack(0x0000001d85500000,0x0000001d85600000)]
  0x00000189dd6b0800 JavaThread "Service Thread" daemon [_thread_blocked, id=21584, stack(0x0000001d85600000,0x0000001d85700000)]
  0x00000189dd6bb800 JavaThread "C1 CompilerThread0" daemon [_thread_blocked, id=2680, stack(0x0000001d85700000,0x0000001d85800000)]
  0x00000189dd6c0000 JavaThread "Sweeper thread" daemon [_thread_blocked, id=1976, stack(0x0000001d85800000,0x0000001d85900000)]
  0x00000189dcd67000 JavaThread "Common-Cleaner" daemon [_thread_blocked, id=21888, stack(0x0000001d85900000,0x0000001d85a00000)]
  0x00000189dd868000 JavaThread "JDWP Transport Listener: dt_socket" daemon [_thread_blocked, id=10792, stack(0x0000001d85a00000,0x0000001d85b00000)]
  0x00000189dd869800 JavaThread "JDWP Event Helper Thread" daemon [_thread_blocked, id=1568, stack(0x0000001d85b00000,0x0000001d85c00000)]
  0x00000189dd86a800 JavaThread "JDWP Command Reader" daemon [_thread_blocked, id=21368, stack(0x0000001d85c00000,0x0000001d85d00000)]
  0x00000189de451000 JavaThread "RMI TCP Accept-0" daemon [_thread_in_native, id=25640, stack(0x0000001d85d00000,0x0000001d85e00000)]
  0x00000189de471000 JavaThread "RMI TCP Accept-53684" daemon [_thread_in_native, id=3060, stack(0x0000001d85e00000,0x0000001d85f00000)]
  0x00000189de48c000 JavaThread "RMI TCP Accept-0" daemon [_thread_in_native, id=13972, stack(0x0000001d85f00000,0x0000001d86000000)]
  0x00000189deef4000 JavaThread "Thread-0" [_thread_blocked, id=15648, stack(0x0000001d86600000,0x0000001d86700000)]
  0x00000189def18800 JavaThread "restartedMain" [_thread_blocked, id=22400, stack(0x0000001d86700000,0x0000001d86800000)]
  0x00000189df050800 JavaThread "RMI TCP Connection(1)-127.0.0.1" daemon [_thread_in_native, id=1944, stack(0x0000001d86800000,0x0000001d86900000)]
  0x00000189df078800 JavaThread "RMI TCP Connection(2)-127.0.0.1" daemon [_thread_in_native, id=23096, stack(0x0000001d86900000,0x0000001d86a00000)]
  0x00000189df09f000 JavaThread "RMI Scheduler(0)" daemon [_thread_blocked, id=24432, stack(0x0000001d86a00000,0x0000001d86b00000)]
  0x00000189df0ca000 JavaThread "JMX server connection timeout 26" daemon [_thread_blocked, id=8124, stack(0x0000001d86b00000,0x0000001d86c00000)]
  0x00000189e0e6a800 JavaThread "boundedElastic-evictor-1" daemon [_thread_blocked, id=25184, stack(0x0000001d86e00000,0x0000001d86f00000)]
  0x00000189e0e70800 JavaThread "spring.cloud.inetutils" daemon [_thread_blocked, id=21776, stack(0x0000001d87100000,0x0000001d87200000)]

Other Threads:
=>0x00000189dcd91800 VMThread "VM Thread" [stack: 0x0000001d85100000,0x0000001d85200000] [id=18616]
  0x00000189de495800 WatcherThread [stack: 0x0000001d86000000,0x0000001d86100000] [id=25896]
  0x00000189b9d89000 GCTaskThread "GC Thread#0" [stack: 0x0000001d84c00000,0x0000001d84d00000] [id=24864]
  0x00000189de497800 GCTaskThread "GC Thread#1" [stack: 0x0000001d86100000,0x0000001d86200000] [id=22080]
  0x00000189de4a3000 GCTaskThread "GC Thread#2" [stack: 0x0000001d86200000,0x0000001d86300000] [id=15048]
  0x00000189de4ab800 GCTaskThread "GC Thread#3" [stack: 0x0000001d86300000,0x0000001d86400000] [id=19080]
  0x00000189de4b0800 GCTaskThread "GC Thread#4" [stack: 0x0000001d86400000,0x0000001d86500000] [id=10840]
  0x00000189de4b1800 GCTaskThread "GC Thread#5" [stack: 0x0000001d86500000,0x0000001d86600000] [id=20880]
  0x00000189df252800 GCTaskThread "GC Thread#6" [stack: 0x0000001d86f00000,0x0000001d87000000] [id=26192]
  0x00000189df1d3800 GCTaskThread "GC Thread#7" [stack: 0x0000001d87000000,0x0000001d87100000] [id=19084]
  0x00000189b9de6000 ConcurrentGCThread "G1 Main Marker" [stack: 0x0000001d84d00000,0x0000001d84e00000] [id=25240]
  0x00000189b9de8800 ConcurrentGCThread "G1 Conc#0" [stack: 0x0000001d84e00000,0x0000001d84f00000] [id=7084]
  0x00000189df04f800 ConcurrentGCThread "G1 Conc#1" [stack: 0x0000001d86c00000,0x0000001d86d00000] [id=17824]
  0x00000189df11b000 ConcurrentGCThread "G1 Conc#2" [stack: 0x0000001d86d00000,0x0000001d86e00000] [id=23148]
  0x00000189dcc97000 ConcurrentGCThread "G1 Refine#0" [stack: 0x0000001d84f00000,0x0000001d85000000] [id=15712]
  0x00000189dcc98000 ConcurrentGCThread "G1 Young RemSet Sampling" [stack: 0x0000001d85000000,0x0000001d85100000] [id=21924]

Threads with active compile tasks:

VM state:at safepoint (normal execution)

VM Mutex/Monitor currently owned by a thread:  ([mutex/lock_event])
[0x00000189b9d6fa50] Threads_lock - owner thread: 0x00000189dcd91800
[0x00000189b9d6df50] Heap_lock - owner thread: 0x00000189def18800

Heap address: 0x0000000702e00000, size: 4050 MB, Compressed Oops mode: Zero based, Oop shift amount: 3
Narrow klass base: 0x0000000800000000, Narrow klass shift: 0
Compressed class space size: 1073741824 Address: 0x0000000800000000

Heap:
 garbage-first heap   total 312320K, used 18009K [0x0000000702e00000, 0x0000000800000000)
  region size 1024K, 11 young (11264K), 11 survivors (11264K)
 Metaspace       used 43099K, capacity 44431K, committed 44496K, reserved 1087488K
  class space    used 5598K, capacity 6096K, committed 6140K, reserved 1048576K
Heap Regions: E=young(eden), S=young(survivor), O=old, HS=humongous(starts), HC=humongous(continues), CS=collection set, F=free, A=archive, TAMS=top-at-mark-start (previous, next)
|   0|0x0000000702e00000, 0x0000000702f00000, 0x0000000702f00000|100%| O|  |TAMS 0x0000000702f00000, 0x0000000702e00000| Untracked 
|   1|0x0000000702f00000, 0x0000000703000000, 0x0000000703000000|100%| O|  |TAMS 0x0000000703000000, 0x0000000702f00000| Untracked 
|   2|0x0000000703000000, 0x0000000703100000, 0x0000000703100000|100%| O|  |TAMS 0x0000000703100000, 0x0000000703000000| Untracked 
|   3|0x0000000703100000, 0x0000000703200000, 0x0000000703200000|100%| O|  |TAMS 0x0000000703200000, 0x0000000703100000| Untracked 
|   4|0x0000000703200000, 0x0000000703300000, 0x0000000703300000|100%| O|  |TAMS 0x0000000703300000, 0x0000000703200000| Untracked 
|   5|0x0000000703300000, 0x0000000703400000, 0x0000000703400000|100%| O|  |TAMS 0x0000000703400000, 0x0000000703300000| Untracked 
|   6|0x0000000703400000, 0x00000007034fc000, 0x0000000703500000| 98%| O|  |TAMS 0x00000007034fc000, 0x0000000703400000| Untracked 
|   7|0x0000000703500000, 0x0000000703500000, 0x0000000703600000|  0%| F|  |TAMS 0x0000000703500000, 0x0000000703500000| Untracked 
|   8|0x0000000703600000, 0x0000000703600000, 0x0000000703700000|  0%| F|  |TAMS 0x0000000703600000, 0x0000000703600000| Untracked 
|   9|0x0000000703700000, 0x0000000703700000, 0x0000000703800000|  0%| F|  |TAMS 0x0000000703700000, 0x0000000703700000| Untracked 
|  10|0x0000000703800000, 0x0000000703800000, 0x0000000703900000|  0%| F|  |TAMS 0x0000000703800000, 0x0000000703800000| Untracked 
|  11|0x0000000703900000, 0x0000000703900000, 0x0000000703a00000|  0%| F|  |TAMS 0x0000000703900000, 0x0000000703900000| Untracked 
|  12|0x0000000703a00000, 0x0000000703a00000, 0x0000000703b00000|  0%| F|  |TAMS 0x0000000703a00000, 0x0000000703a00000| Untracked 
|  13|0x0000000703b00000, 0x0000000703b00000, 0x0000000703c00000|  0%| F|  |TAMS 0x0000000703b00000, 0x0000000703b00000| Untracked 
|  14|0x0000000703c00000, 0x0000000703c00000, 0x0000000703d00000|  0%| F|  |TAMS 0x0000000703c00000, 0x0000000703c00000| Untracked 
|  15|0x0000000703d00000, 0x0000000703d00000, 0x0000000703e00000|  0%| F|  |TAMS 0x0000000703d00000, 0x0000000703d00000| Untracked 
|  16|0x0000000703e00000, 0x0000000703e00000, 0x0000000703f00000|  0%| F|  |TAMS 0x0000000703e00000, 0x0000000703e00000| Untracked 
|  17|0x0000000703f00000, 0x0000000703f00000, 0x0000000704000000|  0%| F|  |TAMS 0x0000000703f00000, 0x0000000703f00000| Untracked 
|  18|0x0000000704000000, 0x0000000704000000, 0x0000000704100000|  0%| F|  |TAMS 0x0000000704000000, 0x0000000704000000| Untracked 
|  19|0x0000000704100000, 0x0000000704100000, 0x0000000704200000|  0%| F|  |TAMS 0x0000000704100000, 0x0000000704100000| Untracked 
|  20|0x0000000704200000, 0x0000000704200000, 0x0000000704300000|  0%| F|  |TAMS 0x0000000704200000, 0x0000000704200000| Untracked 
|  21|0x0000000704300000, 0x0000000704300000, 0x0000000704400000|  0%| F|  |TAMS 0x0000000704300000, 0x0000000704300000| Untracked 
|  22|0x0000000704400000, 0x0000000704400000, 0x0000000704500000|  0%| F|  |TAMS 0x0000000704400000, 0x0000000704400000| Untracked 
|  23|0x0000000704500000, 0x0000000704500000, 0x0000000704600000|  0%| F|  |TAMS 0x0000000704500000, 0x0000000704500000| Untracked 
|  24|0x0000000704600000, 0x0000000704600000, 0x0000000704700000|  0%| F|  |TAMS 0x0000000704600000, 0x0000000704600000| Untracked 
|  25|0x0000000704700000, 0x0000000704700000, 0x0000000704800000|  0%| F|  |TAMS 0x0000000704700000, 0x0000000704700000| Untracked 
|  26|0x0000000704800000, 0x0000000704800000, 0x0000000704900000|  0%| F|  |TAMS 0x0000000704800000, 0x0000000704800000| Untracked 
|  27|0x0000000704900000, 0x0000000704900000, 0x0000000704a00000|  0%| F|  |TAMS 0x0000000704900000, 0x0000000704900000| Untracked 
|  28|0x0000000704a00000, 0x0000000704a00000, 0x0000000704b00000|  0%| F|  |TAMS 0x0000000704a00000, 0x0000000704a00000| Untracked 
|  29|0x0000000704b00000, 0x0000000704b00000, 0x0000000704c00000|  0%| F|  |TAMS 0x0000000704b00000, 0x0000000704b00000| Untracked 
|  30|0x0000000704c00000, 0x0000000704c00000, 0x0000000704d00000|  0%| F|  |TAMS 0x0000000704c00000, 0x0000000704c00000| Untracked 
|  31|0x0000000704d00000, 0x0000000704d00000, 0x0000000704e00000|  0%| F|  |TAMS 0x0000000704d00000, 0x0000000704d00000| Untracked 
|  32|0x0000000704e00000, 0x0000000704e00000, 0x0000000704f00000|  0%| F|  |TAMS 0x0000000704e00000, 0x0000000704e00000| Untracked 
|  33|0x0000000704f00000, 0x0000000704f00000, 0x0000000705000000|  0%| F|  |TAMS 0x0000000704f00000, 0x0000000704f00000| Untracked 
|  34|0x0000000705000000, 0x0000000705000000, 0x0000000705100000|  0%| F|  |TAMS 0x0000000705000000, 0x0000000705000000| Untracked 
|  35|0x0000000705100000, 0x0000000705100000, 0x0000000705200000|  0%| F|  |TAMS 0x0000000705100000, 0x0000000705100000| Untracked 
|  36|0x0000000705200000, 0x0000000705200000, 0x0000000705300000|  0%| F|  |TAMS 0x0000000705200000, 0x0000000705200000| Untracked 
|  37|0x0000000705300000, 0x0000000705300000, 0x0000000705400000|  0%| F|  |TAMS 0x0000000705300000, 0x0000000705300000| Untracked 
|  38|0x0000000705400000, 0x0000000705400000, 0x0000000705500000|  0%| F|  |TAMS 0x0000000705400000, 0x0000000705400000| Untracked 
|  39|0x0000000705500000, 0x0000000705500000, 0x0000000705600000|  0%| F|  |TAMS 0x0000000705500000, 0x0000000705500000| Untracked 
|  40|0x0000000705600000, 0x0000000705600000, 0x0000000705700000|  0%| F|  |TAMS 0x0000000705600000, 0x0000000705600000| Untracked 
|  41|0x0000000705700000, 0x0000000705700000, 0x0000000705800000|  0%| F|  |TAMS 0x0000000705700000, 0x0000000705700000| Untracked 
|  42|0x0000000705800000, 0x0000000705800000, 0x0000000705900000|  0%| F|  |TAMS 0x0000000705800000, 0x0000000705800000| Untracked 
|  43|0x0000000705900000, 0x0000000705900000, 0x0000000705a00000|  0%| F|  |TAMS 0x0000000705900000, 0x0000000705900000| Untracked 
|  44|0x0000000705a00000, 0x0000000705a00000, 0x0000000705b00000|  0%| F|  |TAMS 0x0000000705a00000, 0x0000000705a00000| Untracked 
|  45|0x0000000705b00000, 0x0000000705b00000, 0x0000000705c00000|  0%| F|  |TAMS 0x0000000705b00000, 0x0000000705b00000| Untracked 
|  46|0x0000000705c00000, 0x0000000705c00000, 0x0000000705d00000|  0%| F|  |TAMS 0x0000000705c00000, 0x0000000705c00000| Untracked 
|  47|0x0000000705d00000, 0x0000000705d00000, 0x0000000705e00000|  0%| F|  |TAMS 0x0000000705d00000, 0x0000000705d00000| Untracked 
|  48|0x0000000705e00000, 0x0000000705e00000, 0x0000000705f00000|  0%| F|  |TAMS 0x0000000705e00000, 0x0000000705e00000| Untracked 
|  49|0x0000000705f00000, 0x0000000705f00000, 0x0000000706000000|  0%| F|  |TAMS 0x0000000705f00000, 0x0000000705f00000| Untracked 
|  50|0x0000000706000000, 0x0000000706000000, 0x0000000706100000|  0%| F|  |TAMS 0x0000000706000000, 0x0000000706000000| Untracked 
|  51|0x0000000706100000, 0x0000000706100000, 0x0000000706200000|  0%| F|  |TAMS 0x0000000706100000, 0x0000000706100000| Untracked 
|  52|0x0000000706200000, 0x0000000706200000, 0x0000000706300000|  0%| F|  |TAMS 0x0000000706200000, 0x0000000706200000| Untracked 
|  53|0x0000000706300000, 0x0000000706300000, 0x0000000706400000|  0%| F|  |TAMS 0x0000000706300000, 0x0000000706300000| Untracked 
|  54|0x0000000706400000, 0x0000000706400000, 0x0000000706500000|  0%| F|  |TAMS 0x0000000706400000, 0x0000000706400000| Untracked 
|  55|0x0000000706500000, 0x0000000706500000, 0x0000000706600000|  0%| F|  |TAMS 0x0000000706500000, 0x0000000706500000| Untracked 
|  56|0x0000000706600000, 0x0000000706600000, 0x0000000706700000|  0%| F|  |TAMS 0x0000000706600000, 0x0000000706600000| Untracked 
|  57|0x0000000706700000, 0x0000000706700000, 0x0000000706800000|  0%| F|  |TAMS 0x0000000706700000, 0x0000000706700000| Untracked 
|  58|0x0000000706800000, 0x0000000706800000, 0x0000000706900000|  0%| F|  |TAMS 0x0000000706800000, 0x0000000706800000| Untracked 
|  59|0x0000000706900000, 0x0000000706900000, 0x0000000706a00000|  0%| F|  |TAMS 0x0000000706900000, 0x0000000706900000| Untracked 
|  60|0x0000000706a00000, 0x0000000706a00000, 0x0000000706b00000|  0%| F|  |TAMS 0x0000000706a00000, 0x0000000706a00000| Untracked 
|  61|0x0000000706b00000, 0x0000000706b00000, 0x0000000706c00000|  0%| F|  |TAMS 0x0000000706b00000, 0x0000000706b00000| Untracked 
|  62|0x0000000706c00000, 0x0000000706c00000, 0x0000000706d00000|  0%| F|  |TAMS 0x0000000706c00000, 0x0000000706c00000| Untracked 
|  63|0x0000000706d00000, 0x0000000706d00000, 0x0000000706e00000|  0%| F|  |TAMS 0x0000000706d00000, 0x0000000706d00000| Untracked 
|  64|0x0000000706e00000, 0x0000000706e00000, 0x0000000706f00000|  0%| F|  |TAMS 0x0000000706e00000, 0x0000000706e00000| Untracked 
|  65|0x0000000706f00000, 0x0000000706f00000, 0x0000000707000000|  0%| F|  |TAMS 0x0000000706f00000, 0x0000000706f00000| Untracked 
|  66|0x0000000707000000, 0x0000000707000000, 0x0000000707100000|  0%| F|  |TAMS 0x0000000707000000, 0x0000000707000000| Untracked 
|  67|0x0000000707100000, 0x0000000707100000, 0x0000000707200000|  0%| F|  |TAMS 0x0000000707100000, 0x0000000707100000| Untracked 
|  68|0x0000000707200000, 0x0000000707200000, 0x0000000707300000|  0%| F|  |TAMS 0x0000000707200000, 0x0000000707200000| Untracked 
|  69|0x0000000707300000, 0x0000000707300000, 0x0000000707400000|  0%| F|  |TAMS 0x0000000707300000, 0x0000000707300000| Untracked 
|  70|0x0000000707400000, 0x0000000707400000, 0x0000000707500000|  0%| F|  |TAMS 0x0000000707400000, 0x0000000707400000| Untracked 
|  71|0x0000000707500000, 0x0000000707500000, 0x0000000707600000|  0%| F|  |TAMS 0x0000000707500000, 0x0000000707500000| Untracked 
|  72|0x0000000707600000, 0x0000000707600000, 0x0000000707700000|  0%| F|  |TAMS 0x0000000707600000, 0x0000000707600000| Untracked 
|  73|0x0000000707700000, 0x0000000707700000, 0x0000000707800000|  0%| F|  |TAMS 0x0000000707700000, 0x0000000707700000| Untracked 
|  74|0x0000000707800000, 0x0000000707800000, 0x0000000707900000|  0%| F|  |TAMS 0x0000000707800000, 0x0000000707800000| Untracked 
|  75|0x0000000707900000, 0x0000000707900000, 0x0000000707a00000|  0%| F|  |TAMS 0x0000000707900000, 0x0000000707900000| Untracked 
|  76|0x0000000707a00000, 0x0000000707a00000, 0x0000000707b00000|  0%| F|  |TAMS 0x0000000707a00000, 0x0000000707a00000| Untracked 
|  77|0x0000000707b00000, 0x0000000707b00000, 0x0000000707c00000|  0%| F|  |TAMS 0x0000000707b00000, 0x0000000707b00000| Untracked 
|  78|0x0000000707c00000, 0x0000000707c00000, 0x0000000707d00000|  0%| F|  |TAMS 0x0000000707c00000, 0x0000000707c00000| Untracked 
|  79|0x0000000707d00000, 0x0000000707d00000, 0x0000000707e00000|  0%| F|  |TAMS 0x0000000707d00000, 0x0000000707d00000| Untracked 
|  80|0x0000000707e00000, 0x0000000707e00000, 0x0000000707f00000|  0%| F|  |TAMS 0x0000000707e00000, 0x0000000707e00000| Untracked 
|  81|0x0000000707f00000, 0x0000000707f00000, 0x0000000708000000|  0%| F|  |TAMS 0x0000000707f00000, 0x0000000707f00000| Untracked 
|  82|0x0000000708000000, 0x0000000708000000, 0x0000000708100000|  0%| F|  |TAMS 0x0000000708000000, 0x0000000708000000| Untracked 
|  83|0x0000000708100000, 0x0000000708100000, 0x0000000708200000|  0%| F|  |TAMS 0x0000000708100000, 0x0000000708100000| Untracked 
|  84|0x0000000708200000, 0x0000000708200000, 0x0000000708300000|  0%| F|  |TAMS 0x0000000708200000, 0x0000000708200000| Untracked 
|  85|0x0000000708300000, 0x0000000708300000, 0x0000000708400000|  0%| F|  |TAMS 0x0000000708300000, 0x0000000708300000| Untracked 
|  86|0x0000000708400000, 0x0000000708400000, 0x0000000708500000|  0%| F|  |TAMS 0x0000000708400000, 0x0000000708400000| Untracked 
|  87|0x0000000708500000, 0x0000000708500000, 0x0000000708600000|  0%| F|  |TAMS 0x0000000708500000, 0x0000000708500000| Untracked 
|  88|0x0000000708600000, 0x0000000708600000, 0x0000000708700000|  0%| F|  |TAMS 0x0000000708600000, 0x0000000708600000| Untracked 
|  89|0x0000000708700000, 0x0000000708700000, 0x0000000708800000|  0%| F|  |TAMS 0x0000000708700000, 0x0000000708700000| Untracked 
|  90|0x0000000708800000, 0x0000000708800000, 0x0000000708900000|  0%| F|  |TAMS 0x0000000708800000, 0x0000000708800000| Untracked 
|  91|0x0000000708900000, 0x0000000708900000, 0x0000000708a00000|  0%| F|  |TAMS 0x0000000708900000, 0x0000000708900000| Untracked 
|  92|0x0000000708a00000, 0x0000000708a00000, 0x0000000708b00000|  0%| F|  |TAMS 0x0000000708a00000, 0x0000000708a00000| Untracked 
|  93|0x0000000708b00000, 0x0000000708b00000, 0x0000000708c00000|  0%| F|  |TAMS 0x0000000708b00000, 0x0000000708b00000| Untracked 
|  94|0x0000000708c00000, 0x0000000708c00000, 0x0000000708d00000|  0%| F|  |TAMS 0x0000000708c00000, 0x0000000708c00000| Untracked 
|  95|0x0000000708d00000, 0x0000000708d00000, 0x0000000708e00000|  0%| F|  |TAMS 0x0000000708d00000, 0x0000000708d00000| Untracked 
|  96|0x0000000708e00000, 0x0000000708e00000, 0x0000000708f00000|  0%| F|  |TAMS 0x0000000708e00000, 0x0000000708e00000| Untracked 
|  97|0x0000000708f00000, 0x0000000708f9a5c0, 0x0000000709000000| 60%| S|CS|TAMS 0x0000000708f00000, 0x0000000708f00000| Complete 
|  98|0x0000000709000000, 0x0000000709100000, 0x0000000709100000|100%| S|CS|TAMS 0x0000000709000000, 0x0000000709000000| Complete 
|  99|0x0000000709100000, 0x0000000709200000, 0x0000000709200000|100%| S|CS|TAMS 0x0000000709100000, 0x0000000709100000| Complete 
| 100|0x0000000709200000, 0x0000000709300000, 0x0000000709300000|100%| S|CS|TAMS 0x0000000709200000, 0x0000000709200000| Complete 
| 101|0x0000000709300000, 0x0000000709400000, 0x0000000709400000|100%| S|CS|TAMS 0x0000000709300000, 0x0000000709300000| Complete 
| 102|0x0000000709400000, 0x0000000709500000, 0x0000000709500000|100%| S|CS|TAMS 0x0000000709400000, 0x0000000709400000| Complete 
| 103|0x0000000709500000, 0x0000000709600000, 0x0000000709600000|100%| S|CS|TAMS 0x0000000709500000, 0x0000000709500000| Complete 
| 104|0x0000000709600000, 0x0000000709700000, 0x0000000709700000|100%| S|CS|TAMS 0x0000000709600000, 0x0000000709600000| Complete 
| 105|0x0000000709700000, 0x0000000709800000, 0x0000000709800000|100%| S|CS|TAMS 0x0000000709700000, 0x0000000709700000| Complete 
| 106|0x0000000709800000, 0x0000000709900000, 0x0000000709900000|100%| S|CS|TAMS 0x0000000709800000, 0x0000000709800000| Complete 
| 107|0x0000000709900000, 0x0000000709a00000, 0x0000000709a00000|100%| S|CS|TAMS 0x0000000709900000, 0x0000000709900000| Complete 
| 108|0x0000000709a00000, 0x0000000709a00000, 0x0000000709b00000|  0%| F|  |TAMS 0x0000000709a00000, 0x0000000709a00000| Untracked 
| 109|0x0000000709b00000, 0x0000000709b00000, 0x0000000709c00000|  0%| F|  |TAMS 0x0000000709b00000, 0x0000000709b00000| Untracked 
| 110|0x0000000709c00000, 0x0000000709c00000, 0x0000000709d00000|  0%| F|  |TAMS 0x0000000709c00000, 0x0000000709c00000| Untracked 
| 111|0x0000000709d00000, 0x0000000709d00000, 0x0000000709e00000|  0%| F|  |TAMS 0x0000000709d00000, 0x0000000709d00000| Untracked 
| 112|0x0000000709e00000, 0x0000000709e00000, 0x0000000709f00000|  0%| F|  |TAMS 0x0000000709e00000, 0x0000000709e00000| Untracked 
| 113|0x0000000709f00000, 0x0000000709f00000, 0x000000070a000000|  0%| F|  |TAMS 0x0000000709f00000, 0x0000000709f00000| Untracked 
| 114|0x000000070a000000, 0x000000070a000000, 0x000000070a100000|  0%| F|  |TAMS 0x000000070a000000, 0x000000070a000000| Untracked 
| 115|0x000000070a100000, 0x000000070a100000, 0x000000070a200000|  0%| F|  |TAMS 0x000000070a100000, 0x000000070a100000| Untracked 
| 116|0x000000070a200000, 0x000000070a200000, 0x000000070a300000|  0%| F|  |TAMS 0x000000070a200000, 0x000000070a200000| Untracked 
| 117|0x000000070a300000, 0x000000070a300000, 0x000000070a400000|  0%| F|  |TAMS 0x000000070a300000, 0x000000070a300000| Untracked 
| 118|0x000000070a400000, 0x000000070a400000, 0x000000070a500000|  0%| F|  |TAMS 0x000000070a400000, 0x000000070a400000| Untracked 
| 119|0x000000070a500000, 0x000000070a500000, 0x000000070a600000|  0%| F|  |TAMS 0x000000070a500000, 0x000000070a500000| Untracked 
| 120|0x000000070a600000, 0x000000070a600000, 0x000000070a700000|  0%| F|  |TAMS 0x000000070a600000, 0x000000070a600000| Untracked 
| 121|0x000000070a700000, 0x000000070a700000, 0x000000070a800000|  0%| F|  |TAMS 0x000000070a700000, 0x000000070a700000| Untracked 
| 122|0x000000070a800000, 0x000000070a800000, 0x000000070a900000|  0%| F|  |TAMS 0x000000070a800000, 0x000000070a800000| Untracked 
| 123|0x000000070a900000, 0x000000070a900000, 0x000000070aa00000|  0%| F|  |TAMS 0x000000070a900000, 0x000000070a900000| Untracked 
| 124|0x000000070aa00000, 0x000000070aa00000, 0x000000070ab00000|  0%| F|  |TAMS 0x000000070aa00000, 0x000000070aa00000| Untracked 
| 125|0x000000070ab00000, 0x000000070ab00000, 0x000000070ac00000|  0%| F|  |TAMS 0x000000070ab00000, 0x000000070ab00000| Untracked 
| 126|0x000000070ac00000, 0x000000070ac00000, 0x000000070ad00000|  0%| F|  |TAMS 0x000000070ac00000, 0x000000070ac00000| Untracked 
| 127|0x000000070ad00000, 0x000000070ad00000, 0x000000070ae00000|  0%| F|  |TAMS 0x000000070ad00000, 0x000000070ad00000| Untracked 
| 128|0x000000070ae00000, 0x000000070ae00000, 0x000000070af00000|  0%| F|  |TAMS 0x000000070ae00000, 0x000000070ae00000| Untracked 
| 129|0x000000070af00000, 0x000000070af00000, 0x000000070b000000|  0%| F|  |TAMS 0x000000070af00000, 0x000000070af00000| Untracked 
| 130|0x000000070b000000, 0x000000070b000000, 0x000000070b100000|  0%| F|  |TAMS 0x000000070b000000, 0x000000070b000000| Untracked 
| 131|0x000000070b100000, 0x000000070b100000, 0x000000070b200000|  0%| F|  |TAMS 0x000000070b100000, 0x000000070b100000| Untracked 
| 132|0x000000070b200000, 0x000000070b200000, 0x000000070b300000|  0%| F|  |TAMS 0x000000070b200000, 0x000000070b200000| Untracked 
| 133|0x000000070b300000, 0x000000070b300000, 0x000000070b400000|  0%| F|  |TAMS 0x000000070b300000, 0x000000070b300000| Untracked 
| 134|0x000000070b400000, 0x000000070b400000, 0x000000070b500000|  0%| F|  |TAMS 0x000000070b400000, 0x000000070b400000| Untracked 
| 135|0x000000070b500000, 0x000000070b500000, 0x000000070b600000|  0%| F|  |TAMS 0x000000070b500000, 0x000000070b500000| Untracked 
| 136|0x000000070b600000, 0x000000070b600000, 0x000000070b700000|  0%| F|  |TAMS 0x000000070b600000, 0x000000070b600000| Untracked 
| 137|0x000000070b700000, 0x000000070b700000, 0x000000070b800000|  0%| F|  |TAMS 0x000000070b700000, 0x000000070b700000| Untracked 
| 138|0x000000070b800000, 0x000000070b800000, 0x000000070b900000|  0%| F|  |TAMS 0x000000070b800000, 0x000000070b800000| Untracked 
| 139|0x000000070b900000, 0x000000070b900000, 0x000000070ba00000|  0%| F|  |TAMS 0x000000070b900000, 0x000000070b900000| Untracked 
| 140|0x000000070ba00000, 0x000000070ba00000, 0x000000070bb00000|  0%| F|  |TAMS 0x000000070ba00000, 0x000000070ba00000| Untracked 
| 141|0x000000070bb00000, 0x000000070bb00000, 0x000000070bc00000|  0%| F|  |TAMS 0x000000070bb00000, 0x000000070bb00000| Untracked 
| 142|0x000000070bc00000, 0x000000070bc00000, 0x000000070bd00000|  0%| F|  |TAMS 0x000000070bc00000, 0x000000070bc00000| Untracked 
| 143|0x000000070bd00000, 0x000000070bd00000, 0x000000070be00000|  0%| F|  |TAMS 0x000000070bd00000, 0x000000070bd00000| Untracked 
| 144|0x000000070be00000, 0x000000070be00000, 0x000000070bf00000|  0%| F|  |TAMS 0x000000070be00000, 0x000000070be00000| Untracked 
| 145|0x000000070bf00000, 0x000000070bf00000, 0x000000070c000000|  0%| F|  |TAMS 0x000000070bf00000, 0x000000070bf00000| Untracked 
| 146|0x000000070c000000, 0x000000070c000000, 0x000000070c100000|  0%| F|  |TAMS 0x000000070c000000, 0x000000070c000000| Untracked 
| 147|0x000000070c100000, 0x000000070c100000, 0x000000070c200000|  0%| F|  |TAMS 0x000000070c100000, 0x000000070c100000| Untracked 
| 148|0x000000070c200000, 0x000000070c200000, 0x000000070c300000|  0%| F|  |TAMS 0x000000070c200000, 0x000000070c200000| Untracked 
| 149|0x000000070c300000, 0x000000070c300000, 0x000000070c400000|  0%| F|  |TAMS 0x000000070c300000, 0x000000070c300000| Untracked 
| 150|0x000000070c400000, 0x000000070c400000, 0x000000070c500000|  0%| F|  |TAMS 0x000000070c400000, 0x000000070c400000| Untracked 
| 151|0x000000070c500000, 0x000000070c500000, 0x000000070c600000|  0%| F|  |TAMS 0x000000070c500000, 0x000000070c500000| Untracked 
| 152|0x000000070c600000, 0x000000070c600000, 0x000000070c700000|  0%| F|  |TAMS 0x000000070c600000, 0x000000070c600000| Untracked 
| 153|0x000000070c700000, 0x000000070c700000, 0x000000070c800000|  0%| F|  |TAMS 0x000000070c700000, 0x000000070c700000| Untracked 
| 154|0x000000070c800000, 0x000000070c800000, 0x000000070c900000|  0%| F|  |TAMS 0x000000070c800000, 0x000000070c800000| Untracked 
| 155|0x000000070c900000, 0x000000070c900000, 0x000000070ca00000|  0%| F|  |TAMS 0x000000070c900000, 0x000000070c900000| Untracked 
| 156|0x000000070ca00000, 0x000000070ca00000, 0x000000070cb00000|  0%| F|  |TAMS 0x000000070ca00000, 0x000000070ca00000| Untracked 
| 157|0x000000070cb00000, 0x000000070cb00000, 0x000000070cc00000|  0%| F|  |TAMS 0x000000070cb00000, 0x000000070cb00000| Untracked 
| 158|0x000000070cc00000, 0x000000070cc00000, 0x000000070cd00000|  0%| F|  |TAMS 0x000000070cc00000, 0x000000070cc00000| Untracked 
| 159|0x000000070cd00000, 0x000000070cd00000, 0x000000070ce00000|  0%| F|  |TAMS 0x000000070cd00000, 0x000000070cd00000| Untracked 
| 160|0x000000070ce00000, 0x000000070ce00000, 0x000000070cf00000|  0%| F|  |TAMS 0x000000070ce00000, 0x000000070ce00000| Untracked 
| 161|0x000000070cf00000, 0x000000070cf00000, 0x000000070d000000|  0%| F|  |TAMS 0x000000070cf00000, 0x000000070cf00000| Untracked 
| 162|0x000000070d000000, 0x000000070d000000, 0x000000070d100000|  0%| F|  |TAMS 0x000000070d000000, 0x000000070d000000| Untracked 
| 163|0x000000070d100000, 0x000000070d100000, 0x000000070d200000|  0%| F|  |TAMS 0x000000070d100000, 0x000000070d100000| Untracked 
| 164|0x000000070d200000, 0x000000070d200000, 0x000000070d300000|  0%| F|  |TAMS 0x000000070d200000, 0x000000070d200000| Untracked 
| 165|0x000000070d300000, 0x000000070d300000, 0x000000070d400000|  0%| F|  |TAMS 0x000000070d300000, 0x000000070d300000| Untracked 
| 166|0x000000070d400000, 0x000000070d400000, 0x000000070d500000|  0%| F|  |TAMS 0x000000070d400000, 0x000000070d400000| Untracked 
| 167|0x000000070d500000, 0x000000070d500000, 0x000000070d600000|  0%| F|  |TAMS 0x000000070d500000, 0x000000070d500000| Untracked 
| 168|0x000000070d600000, 0x000000070d600000, 0x000000070d700000|  0%| F|  |TAMS 0x000000070d600000, 0x000000070d600000| Untracked 
| 169|0x000000070d700000, 0x000000070d700000, 0x000000070d800000|  0%| F|  |TAMS 0x000000070d700000, 0x000000070d700000| Untracked 
| 170|0x000000070d800000, 0x000000070d800000, 0x000000070d900000|  0%| F|  |TAMS 0x000000070d800000, 0x000000070d800000| Untracked 
| 171|0x000000070d900000, 0x000000070d900000, 0x000000070da00000|  0%| F|  |TAMS 0x000000070d900000, 0x000000070d900000| Untracked 
| 172|0x000000070da00000, 0x000000070da00000, 0x000000070db00000|  0%| F|  |TAMS 0x000000070da00000, 0x000000070da00000| Untracked 
| 173|0x000000070db00000, 0x000000070db00000, 0x000000070dc00000|  0%| F|  |TAMS 0x000000070db00000, 0x000000070db00000| Untracked 
| 174|0x000000070dc00000, 0x000000070dc00000, 0x000000070dd00000|  0%| F|  |TAMS 0x000000070dc00000, 0x000000070dc00000| Untracked 
| 175|0x000000070dd00000, 0x000000070dd00000, 0x000000070de00000|  0%| F|  |TAMS 0x000000070dd00000, 0x000000070dd00000| Untracked 
| 176|0x000000070de00000, 0x000000070de00000, 0x000000070df00000|  0%| F|  |TAMS 0x000000070de00000, 0x000000070de00000| Untracked 
| 177|0x000000070df00000, 0x000000070df00000, 0x000000070e000000|  0%| F|  |TAMS 0x000000070df00000, 0x000000070df00000| Untracked 
| 178|0x000000070e000000, 0x000000070e000000, 0x000000070e100000|  0%| F|  |TAMS 0x000000070e000000, 0x000000070e000000| Untracked 
| 179|0x000000070e100000, 0x000000070e100000, 0x000000070e200000|  0%| F|  |TAMS 0x000000070e100000, 0x000000070e100000| Untracked 
| 180|0x000000070e200000, 0x000000070e200000, 0x000000070e300000|  0%| F|  |TAMS 0x000000070e200000, 0x000000070e200000| Untracked 
| 181|0x000000070e300000, 0x000000070e300000, 0x000000070e400000|  0%| F|  |TAMS 0x000000070e300000, 0x000000070e300000| Untracked 
| 182|0x000000070e400000, 0x000000070e400000, 0x000000070e500000|  0%| F|  |TAMS 0x000000070e400000, 0x000000070e400000| Untracked 
| 183|0x000000070e500000, 0x000000070e500000, 0x000000070e600000|  0%| F|  |TAMS 0x000000070e500000, 0x000000070e500000| Untracked 
| 184|0x000000070e600000, 0x000000070e600000, 0x000000070e700000|  0%| F|  |TAMS 0x000000070e600000, 0x000000070e600000| Untracked 
| 185|0x000000070e700000, 0x000000070e700000, 0x000000070e800000|  0%| F|  |TAMS 0x000000070e700000, 0x000000070e700000| Untracked 
| 186|0x000000070e800000, 0x000000070e800000, 0x000000070e900000|  0%| F|  |TAMS 0x000000070e800000, 0x000000070e800000| Untracked 
| 187|0x000000070e900000, 0x000000070e900000, 0x000000070ea00000|  0%| F|  |TAMS 0x000000070e900000, 0x000000070e900000| Untracked 
| 188|0x000000070ea00000, 0x000000070ea00000, 0x000000070eb00000|  0%| F|  |TAMS 0x000000070ea00000, 0x000000070ea00000| Untracked 
| 189|0x000000070eb00000, 0x000000070eb00000, 0x000000070ec00000|  0%| F|  |TAMS 0x000000070eb00000, 0x000000070eb00000| Untracked 
| 190|0x000000070ec00000, 0x000000070ec00000, 0x000000070ed00000|  0%| F|  |TAMS 0x000000070ec00000, 0x000000070ec00000| Untracked 
| 191|0x000000070ed00000, 0x000000070ed00000, 0x000000070ee00000|  0%| F|  |TAMS 0x000000070ed00000, 0x000000070ed00000| Untracked 
| 192|0x000000070ee00000, 0x000000070ee00000, 0x000000070ef00000|  0%| F|  |TAMS 0x000000070ee00000, 0x000000070ee00000| Untracked 
| 193|0x000000070ef00000, 0x000000070ef00000, 0x000000070f000000|  0%| F|  |TAMS 0x000000070ef00000, 0x000000070ef00000| Untracked 
| 194|0x000000070f000000, 0x000000070f000000, 0x000000070f100000|  0%| F|  |TAMS 0x000000070f000000, 0x000000070f000000| Untracked 
| 195|0x000000070f100000, 0x000000070f100000, 0x000000070f200000|  0%| F|  |TAMS 0x000000070f100000, 0x000000070f100000| Untracked 
| 196|0x000000070f200000, 0x000000070f200000, 0x000000070f300000|  0%| F|  |TAMS 0x000000070f200000, 0x000000070f200000| Untracked 
| 197|0x000000070f300000, 0x000000070f300000, 0x000000070f400000|  0%| F|  |TAMS 0x000000070f300000, 0x000000070f300000| Untracked 
| 198|0x000000070f400000, 0x000000070f400000, 0x000000070f500000|  0%| F|  |TAMS 0x000000070f400000, 0x000000070f400000| Untracked 
| 199|0x000000070f500000, 0x000000070f500000, 0x000000070f600000|  0%| F|  |TAMS 0x000000070f500000, 0x000000070f500000| Untracked 
| 200|0x000000070f600000, 0x000000070f600000, 0x000000070f700000|  0%| F|  |TAMS 0x000000070f600000, 0x000000070f600000| Untracked 
| 201|0x000000070f700000, 0x000000070f700000, 0x000000070f800000|  0%| F|  |TAMS 0x000000070f700000, 0x000000070f700000| Untracked 
| 202|0x000000070f800000, 0x000000070f800000, 0x000000070f900000|  0%| F|  |TAMS 0x000000070f800000, 0x000000070f800000| Untracked 
| 203|0x000000070f900000, 0x000000070f900000, 0x000000070fa00000|  0%| F|  |TAMS 0x000000070f900000, 0x000000070f900000| Untracked 
| 204|0x000000070fa00000, 0x000000070fa00000, 0x000000070fb00000|  0%| F|  |TAMS 0x000000070fa00000, 0x000000070fa00000| Untracked 
| 205|0x000000070fb00000, 0x000000070fb00000, 0x000000070fc00000|  0%| F|  |TAMS 0x000000070fb00000, 0x000000070fb00000| Untracked 
| 206|0x000000070fc00000, 0x000000070fc00000, 0x000000070fd00000|  0%| F|  |TAMS 0x000000070fc00000, 0x000000070fc00000| Untracked 
| 207|0x000000070fd00000, 0x000000070fd00000, 0x000000070fe00000|  0%| F|  |TAMS 0x000000070fd00000, 0x000000070fd00000| Untracked 
| 208|0x000000070fe00000, 0x000000070fe00000, 0x000000070ff00000|  0%| F|  |TAMS 0x000000070fe00000, 0x000000070fe00000| Untracked 
| 209|0x000000070ff00000, 0x000000070ff00000, 0x0000000710000000|  0%| F|  |TAMS 0x000000070ff00000, 0x000000070ff00000| Untracked 
| 210|0x0000000710000000, 0x0000000710000000, 0x0000000710100000|  0%| F|  |TAMS 0x0000000710000000, 0x0000000710000000| Untracked 
| 211|0x0000000710100000, 0x0000000710100000, 0x0000000710200000|  0%| F|  |TAMS 0x0000000710100000, 0x0000000710100000| Untracked 
| 212|0x0000000710200000, 0x0000000710200000, 0x0000000710300000|  0%| F|  |TAMS 0x0000000710200000, 0x0000000710200000| Untracked 
| 213|0x0000000710300000, 0x0000000710300000, 0x0000000710400000|  0%| F|  |TAMS 0x0000000710300000, 0x0000000710300000| Untracked 
| 214|0x0000000710400000, 0x0000000710400000, 0x0000000710500000|  0%| F|  |TAMS 0x0000000710400000, 0x0000000710400000| Untracked 
| 215|0x0000000710500000, 0x0000000710500000, 0x0000000710600000|  0%| F|  |TAMS 0x0000000710500000, 0x0000000710500000| Untracked 
| 216|0x0000000710600000, 0x0000000710600000, 0x0000000710700000|  0%| F|  |TAMS 0x0000000710600000, 0x0000000710600000| Untracked 
| 217|0x0000000710700000, 0x0000000710700000, 0x0000000710800000|  0%| F|  |TAMS 0x0000000710700000, 0x0000000710700000| Untracked 
| 218|0x0000000710800000, 0x0000000710800000, 0x0000000710900000|  0%| F|  |TAMS 0x0000000710800000, 0x0000000710800000| Untracked 
| 219|0x0000000710900000, 0x0000000710900000, 0x0000000710a00000|  0%| F|  |TAMS 0x0000000710900000, 0x0000000710900000| Untracked 
| 220|0x0000000710a00000, 0x0000000710a00000, 0x0000000710b00000|  0%| F|  |TAMS 0x0000000710a00000, 0x0000000710a00000| Untracked 
| 221|0x0000000710b00000, 0x0000000710b00000, 0x0000000710c00000|  0%| F|  |TAMS 0x0000000710b00000, 0x0000000710b00000| Untracked 
| 222|0x0000000710c00000, 0x0000000710c00000, 0x0000000710d00000|  0%| F|  |TAMS 0x0000000710c00000, 0x0000000710c00000| Untracked 
| 223|0x0000000710d00000, 0x0000000710d00000, 0x0000000710e00000|  0%| F|  |TAMS 0x0000000710d00000, 0x0000000710d00000| Untracked 
| 224|0x0000000710e00000, 0x0000000710e00000, 0x0000000710f00000|  0%| F|  |TAMS 0x0000000710e00000, 0x0000000710e00000| Untracked 
| 225|0x0000000710f00000, 0x0000000710f00000, 0x0000000711000000|  0%| F|  |TAMS 0x0000000710f00000, 0x0000000710f00000| Untracked 
| 226|0x0000000711000000, 0x0000000711000000, 0x0000000711100000|  0%| F|  |TAMS 0x0000000711000000, 0x0000000711000000| Untracked 
| 227|0x0000000711100000, 0x0000000711100000, 0x0000000711200000|  0%| F|  |TAMS 0x0000000711100000, 0x0000000711100000| Untracked 
| 228|0x0000000711200000, 0x0000000711200000, 0x0000000711300000|  0%| F|  |TAMS 0x0000000711200000, 0x0000000711200000| Untracked 
| 229|0x0000000711300000, 0x0000000711300000, 0x0000000711400000|  0%| F|  |TAMS 0x0000000711300000, 0x0000000711300000| Untracked 
| 230|0x0000000711400000, 0x0000000711400000, 0x0000000711500000|  0%| F|  |TAMS 0x0000000711400000, 0x0000000711400000| Untracked 
| 231|0x0000000711500000, 0x0000000711500000, 0x0000000711600000|  0%| F|  |TAMS 0x0000000711500000, 0x0000000711500000| Untracked 
| 232|0x0000000711600000, 0x0000000711600000, 0x0000000711700000|  0%| F|  |TAMS 0x0000000711600000, 0x0000000711600000| Untracked 
| 233|0x0000000711700000, 0x0000000711700000, 0x0000000711800000|  0%| F|  |TAMS 0x0000000711700000, 0x0000000711700000| Untracked 
| 234|0x0000000711800000, 0x0000000711800000, 0x0000000711900000|  0%| F|  |TAMS 0x0000000711800000, 0x0000000711800000| Untracked 
| 235|0x0000000711900000, 0x0000000711900000, 0x0000000711a00000|  0%| F|  |TAMS 0x0000000711900000, 0x0000000711900000| Untracked 
| 236|0x0000000711a00000, 0x0000000711a00000, 0x0000000711b00000|  0%| F|  |TAMS 0x0000000711a00000, 0x0000000711a00000| Untracked 
| 237|0x0000000711b00000, 0x0000000711b00000, 0x0000000711c00000|  0%| F|  |TAMS 0x0000000711b00000, 0x0000000711b00000| Untracked 
| 238|0x0000000711c00000, 0x0000000711c00000, 0x0000000711d00000|  0%| F|  |TAMS 0x0000000711c00000, 0x0000000711c00000| Untracked 
| 239|0x0000000711d00000, 0x0000000711d00000, 0x0000000711e00000|  0%| F|  |TAMS 0x0000000711d00000, 0x0000000711d00000| Untracked 
| 240|0x0000000711e00000, 0x0000000711e00000, 0x0000000711f00000|  0%| F|  |TAMS 0x0000000711e00000, 0x0000000711e00000| Untracked 
| 241|0x0000000711f00000, 0x0000000711f00000, 0x0000000712000000|  0%| F|  |TAMS 0x0000000711f00000, 0x0000000711f00000| Untracked 
| 242|0x0000000712000000, 0x0000000712000000, 0x0000000712100000|  0%| F|  |TAMS 0x0000000712000000, 0x0000000712000000| Untracked 
| 243|0x0000000712100000, 0x0000000712100000, 0x0000000712200000|  0%| F|  |TAMS 0x0000000712100000, 0x0000000712100000| Untracked 
| 244|0x0000000712200000, 0x0000000712200000, 0x0000000712300000|  0%| F|  |TAMS 0x0000000712200000, 0x0000000712200000| Untracked 
| 245|0x0000000712300000, 0x0000000712300000, 0x0000000712400000|  0%| F|  |TAMS 0x0000000712300000, 0x0000000712300000| Untracked 
| 246|0x0000000712400000, 0x0000000712400000, 0x0000000712500000|  0%| F|  |TAMS 0x0000000712400000, 0x0000000712400000| Untracked 
| 247|0x0000000712500000, 0x0000000712500000, 0x0000000712600000|  0%| F|  |TAMS 0x0000000712500000, 0x0000000712500000| Untracked 
| 248|0x0000000712600000, 0x0000000712600000, 0x0000000712700000|  0%| F|  |TAMS 0x0000000712600000, 0x0000000712600000| Untracked 
| 249|0x0000000712700000, 0x0000000712700000, 0x0000000712800000|  0%| F|  |TAMS 0x0000000712700000, 0x0000000712700000| Untracked 
| 250|0x0000000712800000, 0x0000000712800000, 0x0000000712900000|  0%| F|  |TAMS 0x0000000712800000, 0x0000000712800000| Untracked 
| 251|0x0000000712900000, 0x0000000712900000, 0x0000000712a00000|  0%| F|  |TAMS 0x0000000712900000, 0x0000000712900000| Untracked 
| 252|0x0000000712a00000, 0x0000000712a00000, 0x0000000712b00000|  0%| F|  |TAMS 0x0000000712a00000, 0x0000000712a00000| Untracked 
| 253|0x0000000712b00000, 0x0000000712b00000, 0x0000000712c00000|  0%| F|  |TAMS 0x0000000712b00000, 0x0000000712b00000| Untracked 

Card table byte_map: [0x00000189d1180000,0x00000189d1970000] _byte_map_base: 0x00000189cd969000

Marking Bits (Prev, Next): (CMBitMap*) 0x00000189b9dd5508, (CMBitMap*) 0x00000189b9dd5540
 Prev Bits: [0x00000189d2160000, 0x00000189d60a8000)
 Next Bits: [0x00000189d60b0000, 0x00000189d9ff8000)

Polling page: 0x00000189b7cc0000

Metaspace:

Usage:
  Non-class:     37.44 MB capacity,    36.62 MB ( 98%) used,   692.56 KB (  2%) free+waste,   142.38 KB ( <1%) overhead. 
      Class:      5.95 MB capacity,     5.47 MB ( 92%) used,   425.66 KB (  7%) free+waste,    71.38 KB (  1%) overhead. 
       Both:     43.39 MB capacity,    42.09 MB ( 97%) used,     1.09 MB (  3%) free+waste,   213.75 KB ( <1%) overhead. 

Virtual space:
  Non-class space:       38.00 MB reserved,      37.46 MB ( 99%) committed 
      Class space:        1.00 GB reserved,       6.00 MB ( <1%) committed 
             Both:        1.04 GB reserved,      43.45 MB (  4%) committed 

Chunk freelists:
   Non-Class:  2.62 KB
       Class:  2.00 KB
        Both:  4.62 KB

CodeHeap 'non-profiled nmethods': size=238336Kb used=7305Kb max_used=7305Kb free=231030Kb
 bounds [0x00000189c1b80000, 0x00000189c22b0000, 0x00000189d0440000]
CodeHeap 'non-nmethods': size=7424Kb used=1259Kb max_used=1259Kb free=6164Kb
 bounds [0x00000189c1440000, 0x00000189c16b0000, 0x00000189c1b80000]
 total_blobs=4779 nmethods=4274 adapters=437
 compilation: enabled
              stopped_count=0, restarted_count=0
 full_count=0

Compilation events (10 events):
Event: 2.680 Thread 0x00000189dd6bb800 4271       1       com.sun.beans.util.Cache$CacheEntry::matches (53 bytes)
Event: 2.680 Thread 0x00000189dd6bb800 nmethod 4271 0x00000189c22a0a10 code [0x00000189c22a0bc0, 0x00000189c22a0de8]
Event: 2.680 Thread 0x00000189dd6bb800 4267       1       java.lang.reflect.Method::getGenericExceptionTypes (5 bytes)
Event: 2.682 Thread 0x00000189dd6bb800 nmethod 4267 0x00000189c22a0f10 code [0x00000189c22a1100, 0x00000189c22a16f8]
Event: 2.682 Thread 0x00000189dd6bb800 4272   !   1       org.springframework.core.annotation.AnnotationsScanner::processElement (40 bytes)
Event: 2.682 Thread 0x00000189dd6bb800 nmethod 4272 0x00000189c22a1a10 code [0x00000189c22a1be0, 0x00000189c22a1d78]
Event: 2.683 Thread 0x00000189dd6bb800 4273       1       java.lang.reflect.Constructor::hasGenericInformation (13 bytes)
Event: 2.683 Thread 0x00000189dd6bb800 nmethod 4273 0x00000189c22a1f10 code [0x00000189c22a20a0, 0x00000189c22a2178]
Event: 2.695 Thread 0x00000189dd6bb800 4274       1       org.springframework.util.Assert::hasLength (17 bytes)
Event: 2.695 Thread 0x00000189dd6bb800 nmethod 4274 0x00000189c22a2210 code [0x00000189c22a23c0, 0x00000189c22a2588]

GC Heap History (10 events):
Event: 1.004 GC heap after
{Heap after GC invocations=3 (full 0):
 garbage-first heap   total 260096K, used 8673K [0x0000000702e00000, 0x0000000800000000)
  region size 1024K, 2 young (2048K), 2 survivors (2048K)
 Metaspace       used 19413K, capacity 19860K, committed 20096K, reserved 1067008K
  class space    used 2124K, capacity 2310K, committed 2432K, reserved 1048576K
}
Event: 1.134 GC heap before
{Heap before GC invocations=3 (full 0):
 garbage-first heap   total 260096K, used 20961K [0x0000000702e00000, 0x0000000800000000)
  region size 1024K, 15 young (15360K), 2 survivors (2048K)
 Metaspace       used 20644K, capacity 21190K, committed 21248K, reserved 1069056K
  class space    used 2319K, capacity 2558K, committed 2560K, reserved 1048576K
}
Event: 1.135 GC heap after
{Heap after GC invocations=4 (full 0):
 garbage-first heap   total 260096K, used 9191K [0x0000000702e00000, 0x0000000800000000)
  region size 1024K, 2 young (2048K), 2 survivors (2048K)
 Metaspace       used 20644K, capacity 21190K, committed 21248K, reserved 1069056K
  class space    used 2319K, capacity 2558K, committed 2560K, reserved 1048576K
}
Event: 1.395 GC heap before
{Heap before GC invocations=5 (full 0):
 garbage-first heap   total 260096K, used 95207K [0x0000000702e00000, 0x0000000800000000)
  region size 1024K, 87 young (89088K), 2 survivors (2048K)
 Metaspace       used 26352K, capacity 27174K, committed 27516K, reserved 1073152K
  class space    used 3243K, capacity 3574K, committed 3708K, reserved 1048576K
}
Event: 1.398 GC heap after
{Heap after GC invocations=6 (full 0):
 garbage-first heap   total 260096K, used 10734K [0x0000000702e00000, 0x0000000800000000)
  region size 1024K, 4 young (4096K), 4 survivors (4096K)
 Metaspace       used 26352K, capacity 27174K, committed 27516K, reserved 1073152K
  class space    used 3243K, capacity 3574K, committed 3708K, reserved 1048576K
}
Event: 1.632 GC heap before
{Heap before GC invocations=6 (full 0):
 garbage-first heap   total 260096K, used 130542K [0x0000000702e00000, 0x0000000800000000)
  region size 1024K, 122 young (124928K), 4 survivors (4096K)
 Metaspace       used 32646K, capacity 33560K, committed 33916K, reserved 1079296K
  class space    used 4013K, capacity 4361K, committed 4476K, reserved 1048576K
}
Event: 1.636 GC heap after
{Heap after GC invocations=7 (full 0):
 garbage-first heap   total 260096K, used 13157K [0x0000000702e00000, 0x0000000800000000)
  region size 1024K, 6 young (6144K), 6 survivors (6144K)
 Metaspace       used 32646K, capacity 33560K, committed 33916K, reserved 1079296K
  class space    used 4013K, capacity 4361K, committed 4476K, reserved 1048576K
}
Event: 1.906 GC heap before
{Heap before GC invocations=7 (full 0):
 garbage-first heap   total 260096K, used 75621K [0x0000000702e00000, 0x0000000800000000)
  region size 1024K, 68 young (69632K), 6 survivors (6144K)
 Metaspace       used 34863K, capacity 35883K, committed 36048K, reserved 1081344K
  class space    used 4370K, capacity 4764K, committed 4860K, reserved 1048576K
}
Event: 1.911 GC heap after
{Heap after GC invocations=8 (full 0):
 garbage-first heap   total 260096K, used 14268K [0x0000000702e00000, 0x0000000800000000)
  region size 1024K, 7 young (7168K), 7 survivors (7168K)
 Metaspace       used 34863K, capacity 35883K, committed 36048K, reserved 1081344K
  class space    used 4370K, capacity 4764K, committed 4860K, reserved 1048576K
}
Event: 2.696 GC heap before
{Heap before GC invocations=9 (full 0):
 garbage-first heap   total 260096K, used 156604K [0x0000000702e00000, 0x0000000800000000)
  region size 1024K, 146 young (149504K), 7 survivors (7168K)
 Metaspace       used 43099K, capacity 44431K, committed 44496K, reserved 1087488K
  class space    used 5598K, capacity 6096K, committed 6140K, reserved 1048576K
}

Deoptimization events (0 events):
No events

Classes redefined (0 events):
No events

Internal exceptions (10 events):
Event: 2.428 Thread 0x00000189def18800 Exception <a 'java/lang/ClassNotFoundException'{0x000000070cc5bd70}: org/springframework/aop/framework/AopInfrastructureBeanCustomizer> (0x000000070cc5bd70) thrown at [./open/src/hotspot/share/classfile/systemDictionary.cpp, line 226]
Event: 2.510 Thread 0x00000189def18800 Exception <a 'java/lang/NoSuchMethodError'{0x000000070bad2220}: java.lang.invoke.DirectMethodHandle$Holder.invokeStaticInit(Ljava/lang/Object;Ljava/lang/Object;I)Ljava/lang/Object;> (0x000000070bad2220) thrown at [./open/src/hotspot/share/interpreter/link
Event: 2.540 Thread 0x00000189df078800 Exception <a 'java/lang/reflect/InvocationTargetException'{0x0000000711085a38}> (0x0000000711085a38) thrown at [./open/src/hotspot/share/runtime/reflection.cpp, line 1242]
Event: 2.659 Thread 0x00000189def18800 Exception <a 'java/lang/NoSuchMethodError'{0x000000070a1d3948}: java.lang.invoke.DirectMethodHandle$Holder.invokeStaticInit(Ljava/lang/Object;)I> (0x000000070a1d3948) thrown at [./open/src/hotspot/share/interpreter/linkResolver.cpp, line 772]
Event: 2.676 Thread 0x00000189def18800 Exception <a 'java/lang/ClassNotFoundException'{0x0000000709e57b18}: java/lang/ObjectCustomizer> (0x0000000709e57b18) thrown at [./open/src/hotspot/share/classfile/systemDictionary.cpp, line 226]
Event: 2.677 Thread 0x00000189def18800 Exception <a 'java/lang/ClassNotFoundException'{0x0000000709e752f0}: org/springframework/web/reactive/config/WebFluxConfigurationSupportCustomizer> (0x0000000709e752f0) thrown at [./open/src/hotspot/share/classfile/systemDictionary.cpp, line 226]
Event: 2.677 Thread 0x00000189def18800 Exception <a 'java/lang/ClassNotFoundException'{0x0000000709e9bdf0}: org/springframework/web/reactive/config/DelegatingWebFluxConfigurationCustomizer> (0x0000000709e9bdf0) thrown at [./open/src/hotspot/share/classfile/systemDictionary.cpp, line 226]
Event: 2.678 Thread 0x00000189def18800 Exception <a 'java/lang/ClassNotFoundException'{0x0000000709ec0cf8}: org/springframework/boot/autoconfigure/web/reactive/WebFluxAutoConfiguration$EnableWebFluxConfigurationCustomizer> (0x0000000709ec0cf8) thrown at [./open/src/hotspot/share/classfile/syst
Event: 2.679 Thread 0x00000189def18800 Exception <a 'java/lang/ClassNotFoundException'{0x0000000709ee1100}: org/springframework/context/ApplicationContextAwareCustomizer> (0x0000000709ee1100) thrown at [./open/src/hotspot/share/classfile/systemDictionary.cpp, line 226]
Event: 2.680 Thread 0x00000189def18800 Exception <a 'java/lang/ClassNotFoundException'{0x0000000709ef7e28}: org/springframework/beans/factory/AwareCustomizer> (0x0000000709ef7e28) thrown at [./open/src/hotspot/share/classfile/systemDictionary.cpp, line 226]

Events (10 events):
Event: 2.694 loading class org/springframework/core/codec/StringDecoder done
Event: 2.695 loading class org/springframework/util/LinkedCaseInsensitiveMap$EntrySet
Event: 2.695 loading class org/springframework/util/LinkedCaseInsensitiveMap$EntrySet done
Event: 2.696 loading class org/springframework/util/LinkedCaseInsensitiveMap$EntrySetIterator
Event: 2.696 loading class org/springframework/util/LinkedCaseInsensitiveMap$EntrySetIterator done
Event: 2.696 loading class org/springframework/util/LinkedCaseInsensitiveMap$EntryIterator
Event: 2.696 loading class org/springframework/util/LinkedCaseInsensitiveMap$EntryIterator done
Event: 2.696 loading class org/springframework/http/codec/FormHttpMessageReader
Event: 2.696 loading class org/springframework/http/codec/FormHttpMessageReader done
Event: 2.696 Executing VM operation: G1CollectForAllocation


Dynamic libraries:
0x00007ff70af20000 - 0x00007ff70af30000 	C:\Program Files\Java\jdk-11\bin\javaw.exe
0x00007ff9c14b0000 - 0x00007ff9c16a5000 	C:\Windows\SYSTEM32\ntdll.dll
0x00007ff9bfd60000 - 0x00007ff9bfe1e000 	C:\Windows\System32\KERNEL32.DLL
0x00007ff9becd0000 - 0x00007ff9bef98000 	C:\Windows\System32\KERNELBASE.dll
0x00007ff9bebd0000 - 0x00007ff9becd0000 	C:\Windows\System32\ucrtbase.dll
0x00007ff98ae50000 - 0x00007ff98ae6b000 	C:\Program Files\Java\jdk-11\bin\VCRUNTIME140.dll
0x00007ff992bb0000 - 0x00007ff992bc8000 	C:\Program Files\Java\jdk-11\bin\jli.dll
0x00007ff9bf510000 - 0x00007ff9bf5be000 	C:\Windows\System32\ADVAPI32.dll
0x00007ff9c04a0000 - 0x00007ff9c053e000 	C:\Windows\System32\msvcrt.dll
0x00007ff9bfb10000 - 0x00007ff9bfbac000 	C:\Windows\System32\sechost.dll
0x00007ff9bf820000 - 0x00007ff9bf945000 	C:\Windows\System32\RPCRT4.dll
0x00007ff9bfe20000 - 0x00007ff9bffc0000 	C:\Windows\System32\USER32.dll
0x00007ff9bf440000 - 0x00007ff9bf462000 	C:\Windows\System32\win32u.dll
0x00007ff9bf7f0000 - 0x00007ff9bf81b000 	C:\Windows\System32\GDI32.dll
0x00007ff9b00b0000 - 0x00007ff9b034a000 	C:\Windows\WinSxS\amd64_microsoft.windows.common-controls_6595b64144ccf1df_6.0.19041.1110_none_60b5254171f9507e\COMCTL32.dll
0x00007ff9befa0000 - 0x00007ff9bf0ab000 	C:\Windows\System32\gdi32full.dll
0x00007ff9bf470000 - 0x00007ff9bf50d000 	C:\Windows\System32\msvcp_win.dll
0x00007ff9b6ba0000 - 0x00007ff9b6baa000 	C:\Windows\SYSTEM32\VERSION.dll
0x00007ff9bfae0000 - 0x00007ff9bfb10000 	C:\Windows\System32\IMM32.DLL
0x00007ff999930000 - 0x00007ff99993c000 	C:\Program Files\Java\jdk-11\bin\vcruntime140_1.dll
0x00007ff97d900000 - 0x00007ff97d98e000 	C:\Program Files\Java\jdk-11\bin\msvcp140.dll
0x00007ff91f5b0000 - 0x00007ff920118000 	C:\Program Files\Java\jdk-11\bin\server\jvm.dll
0x00007ff9bf950000 - 0x00007ff9bf958000 	C:\Windows\System32\PSAPI.DLL
0x00007ff9b11b0000 - 0x00007ff9b11d7000 	C:\Windows\SYSTEM32\WINMM.dll
0x00007ff9b6dd0000 - 0x00007ff9b6dd9000 	C:\Windows\SYSTEM32\WSOCK32.dll
0x00007ff9bf960000 - 0x00007ff9bf9cb000 	C:\Windows\System32\WS2_32.dll
0x00007ff9bca20000 - 0x00007ff9bca32000 	C:\Windows\SYSTEM32\kernel.appcore.dll
0x00007ff992c80000 - 0x00007ff992c90000 	C:\Program Files\Java\jdk-11\bin\verify.dll
0x00007ff9b0980000 - 0x00007ff9b0b64000 	C:\Windows\SYSTEM32\DBGHELP.DLL
0x00007ff9b1020000 - 0x00007ff9b104c000 	C:\Windows\SYSTEM32\dbgcore.DLL
0x00007ff9bf0b0000 - 0x00007ff9bf132000 	C:\Windows\System32\bcryptPrimitives.dll
0x00007ff98ae20000 - 0x00007ff98ae48000 	C:\Program Files\Java\jdk-11\bin\java.dll
0x00007ff9921c0000 - 0x00007ff9921ca000 	C:\Program Files\Java\jdk-11\bin\jimage.dll
0x00007ff97e630000 - 0x00007ff97e668000 	C:\Program Files\Java\jdk-11\bin\jdwp.dll
0x00007ff984080000 - 0x00007ff98408e000 	C:\Program Files\Java\jdk-11\bin\instrument.dll
0x00007ff98ac90000 - 0x00007ff98aca7000 	C:\Program Files\Java\jdk-11\bin\zip.dll
0x00007ff9c0bf0000 - 0x00007ff9c1334000 	C:\Windows\System32\SHELL32.dll
0x00007ff9bcc20000 - 0x00007ff9bd3b4000 	C:\Windows\SYSTEM32\windows.storage.dll
0x00007ff9c0880000 - 0x00007ff9c0bd4000 	C:\Windows\System32\combase.dll
0x00007ff9be560000 - 0x00007ff9be58c000 	C:\Windows\SYSTEM32\Wldp.dll
0x00007ff9bf9d0000 - 0x00007ff9bfa7d000 	C:\Windows\System32\SHCORE.dll
0x00007ff9c0440000 - 0x00007ff9c0495000 	C:\Windows\System32\shlwapi.dll
0x00007ff9beb10000 - 0x00007ff9beb2f000 	C:\Windows\SYSTEM32\profapi.dll
0x00007ff984070000 - 0x00007ff98407b000 	C:\Program Files\Java\jdk-11\bin\dt_socket.dll
0x00007ff9be2c0000 - 0x00007ff9be32a000 	C:\Windows\System32\mswsock.dll
0x00007ff9bdff0000 - 0x00007ff9be0ba000 	C:\Windows\SYSTEM32\DNSAPI.dll
0x00007ff9bdfb0000 - 0x00007ff9bdfeb000 	C:\Windows\SYSTEM32\IPHLPAPI.DLL
0x00007ff9c0be0000 - 0x00007ff9c0be8000 	C:\Windows\System32\NSI.dll
0x00007ff9ba3e0000 - 0x00007ff9ba45f000 	C:\Windows\System32\fwpuclnt.dll
0x00007ff9bf140000 - 0x00007ff9bf167000 	C:\Windows\System32\bcrypt.dll
0x00007ff9b9340000 - 0x00007ff9b934a000 	C:\Windows\System32\rasadhlp.dll
0x00007ff98ac70000 - 0x00007ff98ac89000 	C:\Program Files\Java\jdk-11\bin\net.dll
0x00007ff9b8840000 - 0x00007ff9b8949000 	C:\Windows\SYSTEM32\WINHTTP.dll
0x00007ff989be0000 - 0x00007ff989bf2000 	C:\Program Files\Java\jdk-11\bin\nio.dll
0x00007ff98b0f0000 - 0x00007ff98b0f9000 	C:\Program Files\Java\jdk-11\bin\management.dll
0x00007ff98b200000 - 0x00007ff98b20b000 	C:\Program Files\Java\jdk-11\bin\management_ext.dll
0x00007ff9b4230000 - 0x00007ff9b4247000 	C:\Windows\system32\napinsp.dll
0x00007ff9b42b0000 - 0x00007ff9b42cb000 	C:\Windows\system32\pnrpnsp.dll
0x00007ff9b4930000 - 0x00007ff9b4945000 	C:\Windows\system32\wshbth.dll
0x00007ff9bbe00000 - 0x00007ff9bbe1d000 	C:\Windows\system32\NLAapi.dll
0x00007ff9b5000000 - 0x00007ff9b5012000 	C:\Windows\System32\winrnr.dll
0x00007ff9be4b0000 - 0x00007ff9be4c8000 	C:\Windows\SYSTEM32\CRYPTSP.dll
0x00007ff9bdc40000 - 0x00007ff9bdc74000 	C:\Windows\system32\rsaenh.dll
0x00007ff9bead0000 - 0x00007ff9beafe000 	C:\Windows\SYSTEM32\USERENV.dll
0x00007ff9be4d0000 - 0x00007ff9be4dc000 	C:\Windows\SYSTEM32\CRYPTBASE.dll
0x00007ff9ba0e0000 - 0x00007ff9ba0f7000 	C:\Windows\SYSTEM32\dhcpcsvc6.DLL
0x00007ff9ba0c0000 - 0x00007ff9ba0dd000 	C:\Windows\SYSTEM32\dhcpcsvc.DLL

dbghelp: loaded successfully - version: 4.0.5 - missing functions: none
symbol engine: initialized successfully - sym options: 0x614 - pdb path: .;C:\Program Files\Java\jdk-11\bin;C:\Windows\SYSTEM32;C:\Windows\WinSxS\amd64_microsoft.windows.common-controls_6595b64144ccf1df_6.0.19041.1110_none_60b5254171f9507e;C:\Program Files\Java\jdk-11\bin\server

VM Arguments:
jvm_args: -agentlib:jdwp=transport=dt_socket,suspend=y,address=localhost:53711 -Dcom.sun.management.jmxremote -Dcom.sun.management.jmxremote.port=53684 -Dcom.sun.management.jmxremote.authenticate=false -Dcom.sun.management.jmxremote.ssl=false -Djava.rmi.server.hostname=localhost -Dspring.jmx.enabled=true -Dspring.application.admin.enabled=true -XX:TieredStopAtLevel=1 -Dspring.boot.project.name=auth-service -javaagent:M:\program\Eclipse\eclipse\configuration\org.eclipse.osgi\225\0\.cp\lib\javaagent-shaded.jar -Dfile.encoding=UTF-8 
java_command: com.manhnd.apigateway.ApiGatewayApplication
java_class_path (initial): M:\program\Project\microservice\api-gateway\target\classes;C:\Users\manhnd43\.m2\repository\org\springframework\boot\spring-boot-starter-webflux\2.7.0\spring-boot-starter-webflux-2.7.0.jar;C:\Users\manhnd43\.m2\repository\org\springframework\boot\spring-boot-starter\2.7.0\spring-boot-starter-2.7.0.jar;C:\Users\manhnd43\.m2\repository\org\springframework\boot\spring-boot-starter-logging\2.7.0\spring-boot-starter-logging-2.7.0.jar;C:\Users\manhnd43\.m2\repository\ch\qos\logback\logback-classic\1.2.11\logback-classic-1.2.11.jar;C:\Users\manhnd43\.m2\repository\ch\qos\logback\logback-core\1.2.11\logback-core-1.2.11.jar;C:\Users\manhnd43\.m2\repository\org\apache\logging\log4j\log4j-to-slf4j\2.17.2\log4j-to-slf4j-2.17.2.jar;C:\Users\manhnd43\.m2\repository\org\apache\logging\log4j\log4j-api\2.17.2\log4j-api-2.17.2.jar;C:\Users\manhnd43\.m2\repository\org\slf4j\jul-to-slf4j\1.7.36\jul-to-slf4j-1.7.36.jar;C:\Users\manhnd43\.m2\repository\jakarta\annotation\jakarta.annotation-api\1.3.5\jakarta.annotation-api-1.3.5.jar;C:\Users\manhnd43\.m2\repository\org\yaml\snakeyaml\1.30\snakeyaml-1.30.jar;C:\Users\manhnd43\.m2\repository\org\springframework\boot\spring-boot-starter-json\2.7.0\spring-boot-starter-json-2.7.0.jar;C:\Users\manhnd43\.m2\repository\com\fasterxml\jackson\datatype\jackson-datatype-jdk8\2.13.3\jackson-datatype-jdk8-2.13.3.jar;C:\Users\manhnd43\.m2\repository\com\fasterxml\jackson\datatype\jackson-datatype-jsr310\2.13.3\jackson-datatype-jsr310-2.13.3.jar;C:\Users\manhnd43\.m2\repository\com\fasterxml\jackson\module\jackson-module-parameter-names\2.13.3\jackson-module-parameter-names-2.13.3.jar;C:\Users\manhnd43\.m2\repository\org\springframework\boot\spring-boot-starter-reactor-netty\2.7.0\spring-boot-starter-reactor-netty-2.7.0.jar;C:\Users\manhnd43\.m2\repository\io\projectreactor\netty\reactor-netty-http\1.0.19\reactor-netty-http-1.0.19.jar;C:\Users\manhnd43\.m2\repository\io\netty\netty-codec-http\4.1.77.Final\netty-codec-http-4.1
Launcher Type: SUN_STANDARD

[Global flags]
     intx CICompilerCount                          = 4                                         {product} {ergonomic}
     uint ConcGCThreads                            = 3                                         {product} {ergonomic}
     uint G1ConcRefinementThreads                  = 10                                        {product} {ergonomic}
   size_t G1HeapRegionSize                         = 1048576                                   {product} {ergonomic}
    uintx GCDrainStackTargetSize                   = 64                                        {product} {ergonomic}
   size_t InitialHeapSize                          = 266338304                                 {product} {ergonomic}
     bool ManagementServer                         = true                                      {product} {command line}
   size_t MarkStackSize                            = 4194304                                   {product} {ergonomic}
   size_t MaxHeapSize                              = 4246732800                                {product} {ergonomic}
   size_t MaxNewSize                               = 2548039680                                {product} {ergonomic}
   size_t MinHeapDeltaBytes                        = 1048576                                   {product} {ergonomic}
    uintx NonNMethodCodeHeapSize                   = 7549744                                {pd product} {ergonomic}
    uintx NonProfiledCodeHeapSize                  = 244108496                              {pd product} {ergonomic}
    uintx ProfiledCodeHeapSize                     = 0                                      {pd product} {ergonomic}
    uintx ReservedCodeCacheSize                    = 251658240                              {pd product} {ergonomic}
     bool SegmentedCodeCache                       = true                                      {product} {ergonomic}
     intx TieredStopAtLevel                        = 1                                         {product} {command line}
     bool UseCompressedClassPointers               = true                                 {lp64_product} {ergonomic}
     bool UseCompressedOops                        = true                                 {lp64_product} {ergonomic}
     bool UseG1GC                                  = true                                      {product} {ergonomic}
     bool UseLargePagesIndividualAllocation        = false                                  {pd product} {ergonomic}

Logging:
Log output configuration:
 #0: stdout all=warning uptime,level,tags
 #1: stderr all=off uptime,level,tags

Environment Variables:
JAVA_HOME=C:\Program Files\Java\jdk-11
JRE_HOME=C:\Program Files\Java\jre1.8.0_341
PATH=M:/program/Eclipse/eclipse//plugins/org.eclipse.justj.openjdk.hotspot.jre.full.win32.x86_64_17.0.2.v20220201-1208/jre/bin/server;M:/program/Eclipse/eclipse//plugins/org.eclipse.justj.openjdk.hotspot.jre.full.win32.x86_64_17.0.2.v20220201-1208/jre/bin;C:\Program Files\Common Files\Oracle\Java\javapath;C:\Program Files (x86)\Common Files\Oracle\Java\javapath;C:\Windows\system32;C:\Windows;C:\Windows\System32\Wbem;C:\Windows\System32\WindowsPowerShell\v1.0\;C:\Windows\System32\OpenSSH\;C:\Program Files\Git\cmd;C:\Program Files\TortoiseSVN\bin;C:\Program Files\Java\jdk1.8.0_202;%MAVEN_HOME%\bin;C:\Program Files\TortoiseGit\bin;C:\Program Files\Docker\Docker\resources\bin;C:\Program Files\dotnet\;C:\Program Files\Microsoft SQL Server\Client SDK\ODBC\170\Tools\Binn\;C:\Program Files (x86)\Microsoft SQL Server\160\DTS\Binn\;C:\Program Files\nodejs\;C:\Program Files\Microsoft SQL Server\150\Tools\Binn\;C:\Program Files\Microsoft SQL Server\Client SDK\ODBC\130\Tools\Binn\;C:\Program Files (x86)\Microsoft SQL Server\140\Tools\Binn\;C:\Program Files\Microsoft SQL Server\140\Tools\Binn\;C:\Program Files\Microsoft SQL Server\140\DTS\Binn\;C:\Program Files\Java\jre1.8.0_361\bin\;C:\Program Files\MySQL\MySQL Shell 8.0\bin\;C:\Users\manhnd43\AppData\Local\Microsoft\WindowsApps;C:\Users\manhnd43\.dotnet\tools;C:\Program Files\Azure Data Studio\bin;M:\program\Visual Code\Microsoft VS Code\bin;C:\Users\manhnd43\AppData\Roaming\npm;M:\program\Eclipse\eclipse;
USERNAME=manhnd43
OS=Windows_NT
PROCESSOR_IDENTIFIER=Intel64 Family 6 Model 165 Stepping 3, GenuineIntel



---------------  S Y S T E M  ---------------

OS: Windows 10 , 64 bit Build 19041 (10.0.19041.1566)

CPU:total 12 (initial active 12) (6 cores per cpu, 2 threads per core) family 6 model 165 stepping 3 microcode 0xea, cmov, cx8, fxsr, mmx, sse, sse2, sse3, ssse3, sse4.1, sse4.2, popcnt, avx, avx2, aes, clmul, erms, 3dnowpref, lzcnt, ht, tsc, tscinvbit, bmi1, bmi2, adx, fma

Memory: 4k page, system-wide physical 16194M (839M free)
TotalPageFile size 33840M (AvailPageFile size 54M)
current process WorkingSet (physical memory assigned to process): 277M, peak: 277M
current process commit charge ("private bytes"): 413M, peak: 464M

vm_info: Java HotSpot(TM) 64-Bit Server VM (11.0.18+9-LTS-195) for windows-amd64 JRE (11.0.18+9-LTS-195), built on Dec  6 2022 15:50:58 by "mach5one" with MS VC++ 17.1 (VS2022)

END.
