#
# There is insufficient memory for the Java Runtime Environment to continue.
# Native memory allocation (malloc) failed to allocate 1048576 bytes for AllocateHeap
# Possible reasons:
#   The system is out of physical RAM or swap space
#   The process is running with CompressedOops enabled, and the Java Heap may be blocking the growth of the native heap
# Possible solutions:
#   Reduce memory load on the system
#   Increase physical memory or swap space
#   Check if swap backing store is full
#   Decrease Java heap size (-Xmx/-Xms)
#   Decrease number of Java threads
#   Decrease Java thread stack sizes (-Xss)
#   Set larger code cache with -XX:ReservedCodeCacheSize=
#   JVM is running with Zero Based Compressed Oops mode in which the Java heap is
#     placed in the first 32GB address space. The Java Heap base address is the
#     maximum limit for the native heap growth. Please use -XX:HeapBaseMinAddress
#     to set the Java Heap base and to place the Java Heap above 32GB virtual address.
# This output file may be truncated or incomplete.
#
#  Out of Memory Error (./open/src/hotspot/share/memory/allocation.cpp:46), pid=20564, tid=6664
#
# JRE version: Java(TM) SE Runtime Environment 18.9 (11.0.18+9) (build 11.0.18+9-LTS-195)
# Java VM: Java HotSpot(TM) 64-Bit Server VM 18.9 (11.0.18+9-LTS-195, mixed mode, tiered, compressed oops, g1 gc, windows-amd64)
# No core dump will be written. Minidumps are not enabled by default on client versions of Windows
#

---------------  S U M M A R Y ------------

Command Line: -agentlib:jdwp=transport=dt_socket,suspend=y,address=localhost:53830 -Dcom.sun.management.jmxremote -Dcom.sun.management.jmxremote.port=53827 -Dcom.sun.management.jmxremote.authenticate=false -Dcom.sun.management.jmxremote.ssl=false -Djava.rmi.server.hostname=localhost -Dspring.jmx.enabled=true -Dspring.application.admin.enabled=true -XX:TieredStopAtLevel=1 -Dspring.boot.project.name=auth-service -javaagent:M:\program\Eclipse\eclipse\configuration\org.eclipse.osgi\225\0\.cp\lib\javaagent-shaded.jar -Dfile.encoding=UTF-8 com.manhnd.apigateway.ApiGatewayApplication

Host: Intel(R) Core(TM) i5-10400 CPU @ 2.90GHz, 12 cores, 15G,  Windows 10 , 64 bit Build 19041 (10.0.19041.1566)
Time: Wed May 17 15:31:17 2023 SE Asia Standard Time elapsed time: 1.717618 seconds (0d 0h 0m 1s)

---------------  T H R E A D  ---------------

Current thread (0x0000019e637de000):  VMThread "VM Thread" [stack: 0x000000833e700000,0x000000833e800000] [id=6664]

Stack: [0x000000833e700000,0x000000833e800000]
[error occurred during error reporting (printing stack bounds), id 0xc0000005, EXCEPTION_ACCESS_VIOLATION (0xc0000005) at pc=0x0000019e47ea0f2d]

Native frames: (J=compiled Java code, j=interpreted, Vv=VM code, C=native code)
V  [jvm.dll+0x65d8aa]
V  [jvm.dll+0x79fc1f]
V  [jvm.dll+0x7a12e9]
V  [jvm.dll+0x7a18e5]
V  [jvm.dll+0x7a189b]
V  [jvm.dll+0x65cdb3]
V  [jvm.dll+0x65d4a8]
C  [ntdll.dll+0xa20cf]
C  [ntdll.dll+0x51454]
C  [ntdll.dll+0xa0bfe]
C  0x0000019e47ea0f2d

VM_Operation (0x000000833fdf9cf0): CollectForMetadataAllocation, mode: safepoint, requested by thread 0x0000019e65992000


---------------  P R O C E S S  ---------------

Threads class SMR info:
_java_thread_list=0x0000019e66542870, length=21, elements={
0x0000019e407d3800, 0x0000019e637fc800, 0x0000019e63805800, 0x0000019e640fd800,
0x0000019e640fe800, 0x0000019e640ff800, 0x0000019e6410a800, 0x0000019e64118000,
0x0000019e637b3800, 0x0000019e642db000, 0x0000019e642dc000, 0x0000019e642e6800,
0x0000019e64ecc000, 0x0000019e64ede000, 0x0000019e64eef800, 0x0000019e65989000,
0x0000019e65992000, 0x0000019e642d8800, 0x0000019e64ed2800, 0x0000019e64ecd000,
0x0000019e65b40800
}

Java Threads: ( => current thread )
  0x0000019e407d3800 JavaThread "main" [_thread_blocked, id=22268, stack(0x000000833e100000,0x000000833e200000)]
  0x0000019e637fc800 JavaThread "Reference Handler" daemon [_thread_blocked, id=23604, stack(0x000000833e800000,0x000000833e900000)]
  0x0000019e63805800 JavaThread "Finalizer" daemon [_thread_blocked, id=23580, stack(0x000000833e900000,0x000000833ea00000)]
  0x0000019e640fd800 JavaThread "Signal Dispatcher" daemon [_thread_blocked, id=20172, stack(0x000000833ea00000,0x000000833eb00000)]
  0x0000019e640fe800 JavaThread "Attach Listener" daemon [_thread_blocked, id=8876, stack(0x000000833eb00000,0x000000833ec00000)]
  0x0000019e640ff800 JavaThread "Service Thread" daemon [_thread_blocked, id=10960, stack(0x000000833ec00000,0x000000833ed00000)]
  0x0000019e6410a800 JavaThread "C1 CompilerThread0" daemon [_thread_blocked, id=16464, stack(0x000000833ed00000,0x000000833ee00000)]
  0x0000019e64118000 JavaThread "Sweeper thread" daemon [_thread_blocked, id=24076, stack(0x000000833ee00000,0x000000833ef00000)]
  0x0000019e637b3800 JavaThread "Common-Cleaner" daemon [_thread_blocked, id=4404, stack(0x000000833ef00000,0x000000833f000000)]
  0x0000019e642db000 JavaThread "JDWP Transport Listener: dt_socket" daemon [_thread_blocked, id=24556, stack(0x000000833f000000,0x000000833f100000)]
  0x0000019e642dc000 JavaThread "JDWP Event Helper Thread" daemon [_thread_blocked, id=1224, stack(0x000000833f100000,0x000000833f200000)]
  0x0000019e642e6800 JavaThread "JDWP Command Reader" daemon [_thread_in_native, id=11456, stack(0x000000833f200000,0x000000833f300000)]
  0x0000019e64ecc000 JavaThread "RMI TCP Accept-0" daemon [_thread_in_native, id=22996, stack(0x000000833f300000,0x000000833f400000)]
  0x0000019e64ede000 JavaThread "RMI TCP Accept-53827" daemon [_thread_in_native, id=20740, stack(0x000000833f400000,0x000000833f500000)]
  0x0000019e64eef800 JavaThread "RMI TCP Accept-0" daemon [_thread_in_native, id=24832, stack(0x000000833f500000,0x000000833f600000)]
  0x0000019e65989000 JavaThread "Thread-0" [_thread_blocked, id=17556, stack(0x000000833fc00000,0x000000833fd00000)]
  0x0000019e65992000 JavaThread "restartedMain" [_thread_blocked, id=25892, stack(0x000000833fd00000,0x000000833fe00000)]
  0x0000019e642d8800 JavaThread "RMI TCP Connection(1)-127.0.0.1" daemon [_thread_in_native, id=20908, stack(0x000000833fe00000,0x000000833ff00000)]
  0x0000019e64ed2800 JavaThread "RMI TCP Connection(2)-127.0.0.1" daemon [_thread_in_native, id=25776, stack(0x000000833ff00000,0x0000008340000000)]
  0x0000019e64ecd000 JavaThread "RMI Scheduler(0)" daemon [_thread_blocked, id=22000, stack(0x0000008340000000,0x0000008340100000)]
  0x0000019e65b40800 JavaThread "JMX server connection timeout 26" daemon [_thread_blocked, id=25232, stack(0x0000008340100000,0x0000008340200000)]

Other Threads:
=>0x0000019e637de000 VMThread "VM Thread" [stack: 0x000000833e700000,0x000000833e800000] [id=6664]
  0x0000019e64ef7800 WatcherThread [stack: 0x000000833f600000,0x000000833f700000] [id=24676]
  0x0000019e407e7000 GCTaskThread "GC Thread#0" [stack: 0x000000833e200000,0x000000833e300000] [id=26036]
  0x0000019e64f20800 GCTaskThread "GC Thread#1" [stack: 0x000000833f700000,0x000000833f800000] [id=16428]
  0x0000019e64ef8000 GCTaskThread "GC Thread#2" [stack: 0x000000833f800000,0x000000833f900000] [id=23748]
  0x0000019e64ef9000 GCTaskThread "GC Thread#3" [stack: 0x000000833f900000,0x000000833fa00000] [id=12056]
  0x0000019e64f02000 GCTaskThread "GC Thread#4" [stack: 0x000000833fa00000,0x000000833fb00000] [id=20064]
  0x0000019e64f02800 GCTaskThread "GC Thread#5" [stack: 0x000000833fb00000,0x000000833fc00000] [id=16752]
  0x0000019e65d47000 GCTaskThread "GC Thread#6" [stack: 0x0000008340500000,0x0000008340600000] [id=12300]
  0x0000019e6607e000 GCTaskThread "GC Thread#7" [stack: 0x0000008340600000,0x0000008340700000] [id=25588]
  0x0000019e40846800 ConcurrentGCThread "G1 Main Marker" [stack: 0x000000833e300000,0x000000833e400000] [id=13228]
  0x0000019e40849000 ConcurrentGCThread "G1 Conc#0" [stack: 0x000000833e400000,0x000000833e500000] [id=8772]
  0x0000019e65ac2800 ConcurrentGCThread "G1 Conc#1" [stack: 0x0000008340200000,0x0000008340300000] [id=24140]
  0x0000019e65b99800 ConcurrentGCThread "G1 Conc#2" [stack: 0x0000008340300000,0x0000008340400000] [id=11140]
  0x0000019e636e1000 ConcurrentGCThread "G1 Refine#0" [stack: 0x000000833e500000,0x000000833e600000] [id=17040]
  0x0000019e636e2000 ConcurrentGCThread "G1 Young RemSet Sampling" [stack: 0x000000833e600000,0x000000833e700000] [id=22572]

Threads with active compile tasks:

VM state:at safepoint (normal execution)

VM Mutex/Monitor currently owned by a thread:  ([mutex/lock_event])
[0x0000019e407cdea0] Threads_lock - owner thread: 0x0000019e637de000
[0x0000019e407cf880] Heap_lock - owner thread: 0x0000019e65992000

Heap address: 0x0000000702e00000, size: 4050 MB, Compressed Oops mode: Zero based, Oop shift amount: 3
Narrow klass base: 0x0000000800000000, Narrow klass shift: 0
Compressed class space size: 1073741824 Address: 0x0000000800000000

Heap:
 garbage-first heap   total 260096K, used 13113K [0x0000000702e00000, 0x0000000800000000)
  region size 1024K, 6 young (6144K), 6 survivors (6144K)
 Metaspace       used 33751K, capacity 34732K, committed 34812K, reserved 1087488K
  class space    used 4188K, capacity 4556K, committed 4604K, reserved 1048576K
Heap Regions: E=young(eden), S=young(survivor), O=old, HS=humongous(starts), HC=humongous(continues), CS=collection set, F=free, A=archive, TAMS=top-at-mark-start (previous, next)
|   0|0x0000000702e00000, 0x0000000702f00000, 0x0000000702f00000|100%| O|  |TAMS 0x0000000702f00000, 0x0000000702f00000| Untracked 
|   1|0x0000000702f00000, 0x0000000703000000, 0x0000000703000000|100%| O|  |TAMS 0x0000000703000000, 0x0000000703000000| Untracked 
|   2|0x0000000703000000, 0x0000000703100000, 0x0000000703100000|100%| O|  |TAMS 0x0000000703100000, 0x0000000703100000| Untracked 
|   3|0x0000000703100000, 0x0000000703200000, 0x0000000703200000|100%| O|  |TAMS 0x0000000703200000, 0x0000000703200000| Untracked 
|   4|0x0000000703200000, 0x0000000703300000, 0x0000000703300000|100%| O|  |TAMS 0x0000000703300000, 0x0000000703300000| Untracked 
|   5|0x0000000703300000, 0x0000000703400000, 0x0000000703400000|100%| O|  |TAMS 0x0000000703400000, 0x0000000703400000| Untracked 
|   6|0x0000000703400000, 0x00000007034ce400, 0x0000000703500000| 80%| O|  |TAMS 0x00000007034ce400, 0x00000007034ce400| Untracked 
|   7|0x0000000703500000, 0x0000000703500000, 0x0000000703600000|  0%| F|  |TAMS 0x0000000703500000, 0x0000000703500000| Untracked 
|   8|0x0000000703600000, 0x0000000703600000, 0x0000000703700000|  0%| F|  |TAMS 0x0000000703600000, 0x0000000703600000| Untracked 
|   9|0x0000000703700000, 0x0000000703700000, 0x0000000703800000|  0%| F|  |TAMS 0x0000000703700000, 0x0000000703700000| Untracked 
|  10|0x0000000703800000, 0x0000000703800000, 0x0000000703900000|  0%| F|  |TAMS 0x0000000703800000, 0x0000000703800000| Untracked 
|  11|0x0000000703900000, 0x0000000703900000, 0x0000000703a00000|  0%| F|  |TAMS 0x0000000703900000, 0x0000000703900000| Untracked 
|  12|0x0000000703a00000, 0x0000000703a00000, 0x0000000703b00000|  0%| F|  |TAMS 0x0000000703a00000, 0x0000000703a00000| Untracked 
|  13|0x0000000703b00000, 0x0000000703b00000, 0x0000000703c00000|  0%| F|  |TAMS 0x0000000703b00000, 0x0000000703b00000| Untracked 
|  14|0x0000000703c00000, 0x0000000703c00000, 0x0000000703d00000|  0%| F|  |TAMS 0x0000000703c00000, 0x0000000703c00000| Untracked 
|  15|0x0000000703d00000, 0x0000000703d00000, 0x0000000703e00000|  0%| F|  |TAMS 0x0000000703d00000, 0x0000000703d00000| Untracked 
|  16|0x0000000703e00000, 0x0000000703e00000, 0x0000000703f00000|  0%| F|  |TAMS 0x0000000703e00000, 0x0000000703e00000| Untracked 
|  17|0x0000000703f00000, 0x0000000703f00000, 0x0000000704000000|  0%| F|  |TAMS 0x0000000703f00000, 0x0000000703f00000| Untracked 
|  18|0x0000000704000000, 0x0000000704000000, 0x0000000704100000|  0%| F|  |TAMS 0x0000000704000000, 0x0000000704000000| Untracked 
|  19|0x0000000704100000, 0x0000000704100000, 0x0000000704200000|  0%| F|  |TAMS 0x0000000704100000, 0x0000000704100000| Untracked 
|  20|0x0000000704200000, 0x0000000704200000, 0x0000000704300000|  0%| F|  |TAMS 0x0000000704200000, 0x0000000704200000| Untracked 
|  21|0x0000000704300000, 0x0000000704300000, 0x0000000704400000|  0%| F|  |TAMS 0x0000000704300000, 0x0000000704300000| Untracked 
|  22|0x0000000704400000, 0x0000000704400000, 0x0000000704500000|  0%| F|  |TAMS 0x0000000704400000, 0x0000000704400000| Untracked 
|  23|0x0000000704500000, 0x0000000704500000, 0x0000000704600000|  0%| F|  |TAMS 0x0000000704500000, 0x0000000704500000| Untracked 
|  24|0x0000000704600000, 0x0000000704600000, 0x0000000704700000|  0%| F|  |TAMS 0x0000000704600000, 0x0000000704600000| Untracked 
|  25|0x0000000704700000, 0x0000000704700000, 0x0000000704800000|  0%| F|  |TAMS 0x0000000704700000, 0x0000000704700000| Untracked 
|  26|0x0000000704800000, 0x0000000704800000, 0x0000000704900000|  0%| F|  |TAMS 0x0000000704800000, 0x0000000704800000| Untracked 
|  27|0x0000000704900000, 0x0000000704900000, 0x0000000704a00000|  0%| F|  |TAMS 0x0000000704900000, 0x0000000704900000| Untracked 
|  28|0x0000000704a00000, 0x0000000704a00000, 0x0000000704b00000|  0%| F|  |TAMS 0x0000000704a00000, 0x0000000704a00000| Untracked 
|  29|0x0000000704b00000, 0x0000000704b00000, 0x0000000704c00000|  0%| F|  |TAMS 0x0000000704b00000, 0x0000000704b00000| Untracked 
|  30|0x0000000704c00000, 0x0000000704c00000, 0x0000000704d00000|  0%| F|  |TAMS 0x0000000704c00000, 0x0000000704c00000| Untracked 
|  31|0x0000000704d00000, 0x0000000704d00000, 0x0000000704e00000|  0%| F|  |TAMS 0x0000000704d00000, 0x0000000704d00000| Untracked 
|  32|0x0000000704e00000, 0x0000000704e00000, 0x0000000704f00000|  0%| F|  |TAMS 0x0000000704e00000, 0x0000000704e00000| Untracked 
|  33|0x0000000704f00000, 0x0000000704f00000, 0x0000000705000000|  0%| F|  |TAMS 0x0000000704f00000, 0x0000000704f00000| Untracked 
|  34|0x0000000705000000, 0x0000000705000000, 0x0000000705100000|  0%| F|  |TAMS 0x0000000705000000, 0x0000000705000000| Untracked 
|  35|0x0000000705100000, 0x0000000705100000, 0x0000000705200000|  0%| F|  |TAMS 0x0000000705100000, 0x0000000705100000| Untracked 
|  36|0x0000000705200000, 0x0000000705200000, 0x0000000705300000|  0%| F|  |TAMS 0x0000000705200000, 0x0000000705200000| Untracked 
|  37|0x0000000705300000, 0x0000000705300000, 0x0000000705400000|  0%| F|  |TAMS 0x0000000705300000, 0x0000000705300000| Untracked 
|  38|0x0000000705400000, 0x0000000705400000, 0x0000000705500000|  0%| F|  |TAMS 0x0000000705400000, 0x0000000705400000| Untracked 
|  39|0x0000000705500000, 0x0000000705500000, 0x0000000705600000|  0%| F|  |TAMS 0x0000000705500000, 0x0000000705500000| Untracked 
|  40|0x0000000705600000, 0x0000000705600000, 0x0000000705700000|  0%| F|  |TAMS 0x0000000705600000, 0x0000000705600000| Untracked 
|  41|0x0000000705700000, 0x0000000705700000, 0x0000000705800000|  0%| F|  |TAMS 0x0000000705700000, 0x0000000705700000| Untracked 
|  42|0x0000000705800000, 0x0000000705800000, 0x0000000705900000|  0%| F|  |TAMS 0x0000000705800000, 0x0000000705800000| Untracked 
|  43|0x0000000705900000, 0x0000000705900000, 0x0000000705a00000|  0%| F|  |TAMS 0x0000000705900000, 0x0000000705900000| Untracked 
|  44|0x0000000705a00000, 0x0000000705a00000, 0x0000000705b00000|  0%| F|  |TAMS 0x0000000705a00000, 0x0000000705a00000| Untracked 
|  45|0x0000000705b00000, 0x0000000705b00000, 0x0000000705c00000|  0%| F|  |TAMS 0x0000000705b00000, 0x0000000705b00000| Untracked 
|  46|0x0000000705c00000, 0x0000000705c00000, 0x0000000705d00000|  0%| F|  |TAMS 0x0000000705c00000, 0x0000000705c00000| Untracked 
|  47|0x0000000705d00000, 0x0000000705d00000, 0x0000000705e00000|  0%| F|  |TAMS 0x0000000705d00000, 0x0000000705d00000| Untracked 
|  48|0x0000000705e00000, 0x0000000705e00000, 0x0000000705f00000|  0%| F|  |TAMS 0x0000000705e00000, 0x0000000705e00000| Untracked 
|  49|0x0000000705f00000, 0x0000000705f00000, 0x0000000706000000|  0%| F|  |TAMS 0x0000000705f00000, 0x0000000705f00000| Untracked 
|  50|0x0000000706000000, 0x0000000706000000, 0x0000000706100000|  0%| F|  |TAMS 0x0000000706000000, 0x0000000706000000| Untracked 
|  51|0x0000000706100000, 0x0000000706100000, 0x0000000706200000|  0%| F|  |TAMS 0x0000000706100000, 0x0000000706100000| Untracked 
|  52|0x0000000706200000, 0x0000000706200000, 0x0000000706300000|  0%| F|  |TAMS 0x0000000706200000, 0x0000000706200000| Untracked 
|  53|0x0000000706300000, 0x0000000706300000, 0x0000000706400000|  0%| F|  |TAMS 0x0000000706300000, 0x0000000706300000| Untracked 
|  54|0x0000000706400000, 0x0000000706400000, 0x0000000706500000|  0%| F|  |TAMS 0x0000000706400000, 0x0000000706400000| Untracked 
|  55|0x0000000706500000, 0x0000000706500000, 0x0000000706600000|  0%| F|  |TAMS 0x0000000706500000, 0x0000000706500000| Untracked 
|  56|0x0000000706600000, 0x0000000706600000, 0x0000000706700000|  0%| F|  |TAMS 0x0000000706600000, 0x0000000706600000| Untracked 
|  57|0x0000000706700000, 0x0000000706700000, 0x0000000706800000|  0%| F|  |TAMS 0x0000000706700000, 0x0000000706700000| Untracked 
|  58|0x0000000706800000, 0x0000000706800000, 0x0000000706900000|  0%| F|  |TAMS 0x0000000706800000, 0x0000000706800000| Untracked 
|  59|0x0000000706900000, 0x0000000706900000, 0x0000000706a00000|  0%| F|  |TAMS 0x0000000706900000, 0x0000000706900000| Untracked 
|  60|0x0000000706a00000, 0x0000000706a00000, 0x0000000706b00000|  0%| F|  |TAMS 0x0000000706a00000, 0x0000000706a00000| Untracked 
|  61|0x0000000706b00000, 0x0000000706b00000, 0x0000000706c00000|  0%| F|  |TAMS 0x0000000706b00000, 0x0000000706b00000| Untracked 
|  62|0x0000000706c00000, 0x0000000706c00000, 0x0000000706d00000|  0%| F|  |TAMS 0x0000000706c00000, 0x0000000706c00000| Untracked 
|  63|0x0000000706d00000, 0x0000000706d00000, 0x0000000706e00000|  0%| F|  |TAMS 0x0000000706d00000, 0x0000000706d00000| Untracked 
|  64|0x0000000706e00000, 0x0000000706e00000, 0x0000000706f00000|  0%| F|  |TAMS 0x0000000706e00000, 0x0000000706e00000| Untracked 
|  65|0x0000000706f00000, 0x0000000706f00000, 0x0000000707000000|  0%| F|  |TAMS 0x0000000706f00000, 0x0000000706f00000| Untracked 
|  66|0x0000000707000000, 0x0000000707000000, 0x0000000707100000|  0%| F|  |TAMS 0x0000000707000000, 0x0000000707000000| Untracked 
|  67|0x0000000707100000, 0x0000000707100000, 0x0000000707200000|  0%| F|  |TAMS 0x0000000707100000, 0x0000000707100000| Untracked 
|  68|0x0000000707200000, 0x0000000707200000, 0x0000000707300000|  0%| F|  |TAMS 0x0000000707200000, 0x0000000707200000| Untracked 
|  69|0x0000000707300000, 0x0000000707300000, 0x0000000707400000|  0%| F|  |TAMS 0x0000000707300000, 0x0000000707300000| Untracked 
|  70|0x0000000707400000, 0x0000000707400000, 0x0000000707500000|  0%| F|  |TAMS 0x0000000707400000, 0x0000000707400000| Untracked 
|  71|0x0000000707500000, 0x0000000707500000, 0x0000000707600000|  0%| F|  |TAMS 0x0000000707500000, 0x0000000707500000| Untracked 
|  72|0x0000000707600000, 0x0000000707600000, 0x0000000707700000|  0%| F|  |TAMS 0x0000000707600000, 0x0000000707600000| Untracked 
|  73|0x0000000707700000, 0x0000000707700000, 0x0000000707800000|  0%| F|  |TAMS 0x0000000707700000, 0x0000000707700000| Untracked 
|  74|0x0000000707800000, 0x0000000707800000, 0x0000000707900000|  0%| F|  |TAMS 0x0000000707800000, 0x0000000707800000| Untracked 
|  75|0x0000000707900000, 0x0000000707900000, 0x0000000707a00000|  0%| F|  |TAMS 0x0000000707900000, 0x0000000707900000| Untracked 
|  76|0x0000000707a00000, 0x0000000707a00000, 0x0000000707b00000|  0%| F|  |TAMS 0x0000000707a00000, 0x0000000707a00000| Untracked 
|  77|0x0000000707b00000, 0x0000000707b00000, 0x0000000707c00000|  0%| F|  |TAMS 0x0000000707b00000, 0x0000000707b00000| Untracked 
|  78|0x0000000707c00000, 0x0000000707c00000, 0x0000000707d00000|  0%| F|  |TAMS 0x0000000707c00000, 0x0000000707c00000| Untracked 
|  79|0x0000000707d00000, 0x0000000707d00000, 0x0000000707e00000|  0%| F|  |TAMS 0x0000000707d00000, 0x0000000707d00000| Untracked 
|  80|0x0000000707e00000, 0x0000000707e00000, 0x0000000707f00000|  0%| F|  |TAMS 0x0000000707e00000, 0x0000000707e00000| Untracked 
|  81|0x0000000707f00000, 0x0000000707f00000, 0x0000000708000000|  0%| F|  |TAMS 0x0000000707f00000, 0x0000000707f00000| Untracked 
|  82|0x0000000708000000, 0x0000000708000000, 0x0000000708100000|  0%| F|  |TAMS 0x0000000708000000, 0x0000000708000000| Untracked 
|  83|0x0000000708100000, 0x0000000708100000, 0x0000000708200000|  0%| F|  |TAMS 0x0000000708100000, 0x0000000708100000| Untracked 
|  84|0x0000000708200000, 0x0000000708200000, 0x0000000708300000|  0%| F|  |TAMS 0x0000000708200000, 0x0000000708200000| Untracked 
|  85|0x0000000708300000, 0x0000000708300000, 0x0000000708400000|  0%| F|  |TAMS 0x0000000708300000, 0x0000000708300000| Untracked 
|  86|0x0000000708400000, 0x0000000708400000, 0x0000000708500000|  0%| F|  |TAMS 0x0000000708400000, 0x0000000708400000| Untracked 
|  87|0x0000000708500000, 0x0000000708500000, 0x0000000708600000|  0%| F|  |TAMS 0x0000000708500000, 0x0000000708500000| Untracked 
|  88|0x0000000708600000, 0x0000000708600000, 0x0000000708700000|  0%| F|  |TAMS 0x0000000708600000, 0x0000000708600000| Untracked 
|  89|0x0000000708700000, 0x0000000708700000, 0x0000000708800000|  0%| F|  |TAMS 0x0000000708700000, 0x0000000708700000| Untracked 
|  90|0x0000000708800000, 0x0000000708800000, 0x0000000708900000|  0%| F|  |TAMS 0x0000000708800000, 0x0000000708800000| Untracked 
|  91|0x0000000708900000, 0x0000000708900000, 0x0000000708a00000|  0%| F|  |TAMS 0x0000000708900000, 0x0000000708900000| Untracked 
|  92|0x0000000708a00000, 0x0000000708a00000, 0x0000000708b00000|  0%| F|  |TAMS 0x0000000708a00000, 0x0000000708a00000| Untracked 
|  93|0x0000000708b00000, 0x0000000708b00000, 0x0000000708c00000|  0%| F|  |TAMS 0x0000000708b00000, 0x0000000708b00000| Untracked 
|  94|0x0000000708c00000, 0x0000000708c00000, 0x0000000708d00000|  0%| F|  |TAMS 0x0000000708c00000, 0x0000000708c00000| Untracked 
|  95|0x0000000708d00000, 0x0000000708d00000, 0x0000000708e00000|  0%| F|  |TAMS 0x0000000708d00000, 0x0000000708d00000| Untracked 
|  96|0x0000000708e00000, 0x0000000708e00000, 0x0000000708f00000|  0%| F|  |TAMS 0x0000000708e00000, 0x0000000708e00000| Untracked 
|  97|0x0000000708f00000, 0x0000000708f00000, 0x0000000709000000|  0%| F|  |TAMS 0x0000000708f00000, 0x0000000708f00000| Untracked 
|  98|0x0000000709000000, 0x0000000709000000, 0x0000000709100000|  0%| F|  |TAMS 0x0000000709000000, 0x0000000709000000| Untracked 
|  99|0x0000000709100000, 0x0000000709100000, 0x0000000709200000|  0%| F|  |TAMS 0x0000000709100000, 0x0000000709100000| Untracked 
| 100|0x0000000709200000, 0x0000000709200000, 0x0000000709300000|  0%| F|  |TAMS 0x0000000709200000, 0x0000000709200000| Untracked 
| 101|0x0000000709300000, 0x0000000709300000, 0x0000000709400000|  0%| F|  |TAMS 0x0000000709300000, 0x0000000709300000| Untracked 
| 102|0x0000000709400000, 0x0000000709400000, 0x0000000709500000|  0%| F|  |TAMS 0x0000000709400000, 0x0000000709400000| Untracked 
| 103|0x0000000709500000, 0x0000000709500000, 0x0000000709600000|  0%| F|  |TAMS 0x0000000709500000, 0x0000000709500000| Untracked 
| 104|0x0000000709600000, 0x0000000709600000, 0x0000000709700000|  0%| F|  |TAMS 0x0000000709600000, 0x0000000709600000| Untracked 
| 105|0x0000000709700000, 0x0000000709700000, 0x0000000709800000|  0%| F|  |TAMS 0x0000000709700000, 0x0000000709700000| Untracked 
| 106|0x0000000709800000, 0x0000000709800000, 0x0000000709900000|  0%| F|  |TAMS 0x0000000709800000, 0x0000000709800000| Untracked 
| 107|0x0000000709900000, 0x0000000709900000, 0x0000000709a00000|  0%| F|  |TAMS 0x0000000709900000, 0x0000000709900000| Untracked 
| 108|0x0000000709a00000, 0x0000000709a00000, 0x0000000709b00000|  0%| F|  |TAMS 0x0000000709a00000, 0x0000000709a00000| Untracked 
| 109|0x0000000709b00000, 0x0000000709b00000, 0x0000000709c00000|  0%| F|  |TAMS 0x0000000709b00000, 0x0000000709b00000| Untracked 
| 110|0x0000000709c00000, 0x0000000709c00000, 0x0000000709d00000|  0%| F|  |TAMS 0x0000000709c00000, 0x0000000709c00000| Untracked 
| 111|0x0000000709d00000, 0x0000000709d00000, 0x0000000709e00000|  0%| F|  |TAMS 0x0000000709d00000, 0x0000000709d00000| Untracked 
| 112|0x0000000709e00000, 0x0000000709e00000, 0x0000000709f00000|  0%| F|  |TAMS 0x0000000709e00000, 0x0000000709e00000| Untracked 
| 113|0x0000000709f00000, 0x0000000709f00000, 0x000000070a000000|  0%| F|  |TAMS 0x0000000709f00000, 0x0000000709f00000| Untracked 
| 114|0x000000070a000000, 0x000000070a000000, 0x000000070a100000|  0%| F|  |TAMS 0x000000070a000000, 0x000000070a000000| Untracked 
| 115|0x000000070a100000, 0x000000070a100000, 0x000000070a200000|  0%| F|  |TAMS 0x000000070a100000, 0x000000070a100000| Untracked 
| 116|0x000000070a200000, 0x000000070a200000, 0x000000070a300000|  0%| F|  |TAMS 0x000000070a200000, 0x000000070a200000| Untracked 
| 117|0x000000070a300000, 0x000000070a300000, 0x000000070a400000|  0%| F|  |TAMS 0x000000070a300000, 0x000000070a300000| Untracked 
| 118|0x000000070a400000, 0x000000070a400000, 0x000000070a500000|  0%| F|  |TAMS 0x000000070a400000, 0x000000070a400000| Untracked 
| 119|0x000000070a500000, 0x000000070a500000, 0x000000070a600000|  0%| F|  |TAMS 0x000000070a500000, 0x000000070a500000| Untracked 
| 120|0x000000070a600000, 0x000000070a600000, 0x000000070a700000|  0%| F|  |TAMS 0x000000070a600000, 0x000000070a600000| Untracked 
| 121|0x000000070a700000, 0x000000070a700000, 0x000000070a800000|  0%| F|  |TAMS 0x000000070a700000, 0x000000070a700000| Untracked 
| 122|0x000000070a800000, 0x000000070a800000, 0x000000070a900000|  0%| F|  |TAMS 0x000000070a800000, 0x000000070a800000| Untracked 
| 123|0x000000070a900000, 0x000000070a900000, 0x000000070aa00000|  0%| F|  |TAMS 0x000000070a900000, 0x000000070a900000| Untracked 
| 124|0x000000070aa00000, 0x000000070aa00000, 0x000000070ab00000|  0%| F|  |TAMS 0x000000070aa00000, 0x000000070aa00000| Untracked 
| 125|0x000000070ab00000, 0x000000070ab00000, 0x000000070ac00000|  0%| F|  |TAMS 0x000000070ab00000, 0x000000070ab00000| Untracked 
| 126|0x000000070ac00000, 0x000000070ac00000, 0x000000070ad00000|  0%| F|  |TAMS 0x000000070ac00000, 0x000000070ac00000| Untracked 
| 127|0x000000070ad00000, 0x000000070ad00000, 0x000000070ae00000|  0%| F|  |TAMS 0x000000070ad00000, 0x000000070ad00000| Untracked 
| 128|0x000000070ae00000, 0x000000070ae00000, 0x000000070af00000|  0%| F|  |TAMS 0x000000070ae00000, 0x000000070ae00000| Untracked 
| 129|0x000000070af00000, 0x000000070af00000, 0x000000070b000000|  0%| F|  |TAMS 0x000000070af00000, 0x000000070af00000| Untracked 
| 130|0x000000070b000000, 0x000000070b000000, 0x000000070b100000|  0%| F|  |TAMS 0x000000070b000000, 0x000000070b000000| Untracked 
| 131|0x000000070b100000, 0x000000070b100000, 0x000000070b200000|  0%| F|  |TAMS 0x000000070b100000, 0x000000070b100000| Untracked 
| 132|0x000000070b200000, 0x000000070b200000, 0x000000070b300000|  0%| F|  |TAMS 0x000000070b200000, 0x000000070b200000| Untracked 
| 133|0x000000070b300000, 0x000000070b300000, 0x000000070b400000|  0%| F|  |TAMS 0x000000070b300000, 0x000000070b300000| Untracked 
| 134|0x000000070b400000, 0x000000070b400000, 0x000000070b500000|  0%| F|  |TAMS 0x000000070b400000, 0x000000070b400000| Untracked 
| 135|0x000000070b500000, 0x000000070b500000, 0x000000070b600000|  0%| F|  |TAMS 0x000000070b500000, 0x000000070b500000| Untracked 
| 136|0x000000070b600000, 0x000000070b600000, 0x000000070b700000|  0%| F|  |TAMS 0x000000070b600000, 0x000000070b600000| Untracked 
| 137|0x000000070b700000, 0x000000070b700000, 0x000000070b800000|  0%| F|  |TAMS 0x000000070b700000, 0x000000070b700000| Untracked 
| 138|0x000000070b800000, 0x000000070b800000, 0x000000070b900000|  0%| F|  |TAMS 0x000000070b800000, 0x000000070b800000| Untracked 
| 139|0x000000070b900000, 0x000000070b900000, 0x000000070ba00000|  0%| F|  |TAMS 0x000000070b900000, 0x000000070b900000| Untracked 
| 140|0x000000070ba00000, 0x000000070ba00000, 0x000000070bb00000|  0%| F|  |TAMS 0x000000070ba00000, 0x000000070ba00000| Untracked 
| 141|0x000000070bb00000, 0x000000070bb00000, 0x000000070bc00000|  0%| F|  |TAMS 0x000000070bb00000, 0x000000070bb00000| Untracked 
| 142|0x000000070bc00000, 0x000000070bc00000, 0x000000070bd00000|  0%| F|  |TAMS 0x000000070bc00000, 0x000000070bc00000| Untracked 
| 143|0x000000070bd00000, 0x000000070bd00000, 0x000000070be00000|  0%| F|  |TAMS 0x000000070bd00000, 0x000000070bd00000| Untracked 
| 144|0x000000070be00000, 0x000000070be00000, 0x000000070bf00000|  0%| F|  |TAMS 0x000000070be00000, 0x000000070be00000| Untracked 
| 145|0x000000070bf00000, 0x000000070bf00000, 0x000000070c000000|  0%| F|  |TAMS 0x000000070bf00000, 0x000000070bf00000| Untracked 
| 146|0x000000070c000000, 0x000000070c000000, 0x000000070c100000|  0%| F|  |TAMS 0x000000070c000000, 0x000000070c000000| Untracked 
| 147|0x000000070c100000, 0x000000070c100000, 0x000000070c200000|  0%| F|  |TAMS 0x000000070c100000, 0x000000070c100000| Untracked 
| 148|0x000000070c200000, 0x000000070c200000, 0x000000070c300000|  0%| F|  |TAMS 0x000000070c200000, 0x000000070c200000| Untracked 
| 149|0x000000070c300000, 0x000000070c300000, 0x000000070c400000|  0%| F|  |TAMS 0x000000070c300000, 0x000000070c300000| Untracked 
| 150|0x000000070c400000, 0x000000070c400000, 0x000000070c500000|  0%| F|  |TAMS 0x000000070c400000, 0x000000070c400000| Untracked 
| 151|0x000000070c500000, 0x000000070c500000, 0x000000070c600000|  0%| F|  |TAMS 0x000000070c500000, 0x000000070c500000| Untracked 
| 152|0x000000070c600000, 0x000000070c600000, 0x000000070c700000|  0%| F|  |TAMS 0x000000070c600000, 0x000000070c600000| Untracked 
| 153|0x000000070c700000, 0x000000070c700000, 0x000000070c800000|  0%| F|  |TAMS 0x000000070c700000, 0x000000070c700000| Untracked 
| 154|0x000000070c800000, 0x000000070c800000, 0x000000070c900000|  0%| F|  |TAMS 0x000000070c800000, 0x000000070c800000| Untracked 
| 155|0x000000070c900000, 0x000000070c900000, 0x000000070ca00000|  0%| F|  |TAMS 0x000000070c900000, 0x000000070c900000| Untracked 
| 156|0x000000070ca00000, 0x000000070ca00000, 0x000000070cb00000|  0%| F|  |TAMS 0x000000070ca00000, 0x000000070ca00000| Untracked 
| 157|0x000000070cb00000, 0x000000070cb00000, 0x000000070cc00000|  0%| F|  |TAMS 0x000000070cb00000, 0x000000070cb00000| Untracked 
| 158|0x000000070cc00000, 0x000000070cc00000, 0x000000070cd00000|  0%| F|  |TAMS 0x000000070cc00000, 0x000000070cc00000| Untracked 
| 159|0x000000070cd00000, 0x000000070cd00000, 0x000000070ce00000|  0%| F|  |TAMS 0x000000070cd00000, 0x000000070cd00000| Untracked 
| 160|0x000000070ce00000, 0x000000070ce00000, 0x000000070cf00000|  0%| F|  |TAMS 0x000000070ce00000, 0x000000070ce00000| Untracked 
| 161|0x000000070cf00000, 0x000000070cf00000, 0x000000070d000000|  0%| F|  |TAMS 0x000000070cf00000, 0x000000070cf00000| Untracked 
| 162|0x000000070d000000, 0x000000070d000000, 0x000000070d100000|  0%| F|  |TAMS 0x000000070d000000, 0x000000070d000000| Untracked 
| 163|0x000000070d100000, 0x000000070d100000, 0x000000070d200000|  0%| F|  |TAMS 0x000000070d100000, 0x000000070d100000| Untracked 
| 164|0x000000070d200000, 0x000000070d200000, 0x000000070d300000|  0%| F|  |TAMS 0x000000070d200000, 0x000000070d200000| Untracked 
| 165|0x000000070d300000, 0x000000070d300000, 0x000000070d400000|  0%| F|  |TAMS 0x000000070d300000, 0x000000070d300000| Untracked 
| 166|0x000000070d400000, 0x000000070d400000, 0x000000070d500000|  0%| F|  |TAMS 0x000000070d400000, 0x000000070d400000| Untracked 
| 167|0x000000070d500000, 0x000000070d500000, 0x000000070d600000|  0%| F|  |TAMS 0x000000070d500000, 0x000000070d500000| Untracked 
| 168|0x000000070d600000, 0x000000070d600000, 0x000000070d700000|  0%| F|  |TAMS 0x000000070d600000, 0x000000070d600000| Untracked 
| 169|0x000000070d700000, 0x000000070d700000, 0x000000070d800000|  0%| F|  |TAMS 0x000000070d700000, 0x000000070d700000| Untracked 
| 170|0x000000070d800000, 0x000000070d800000, 0x000000070d900000|  0%| F|  |TAMS 0x000000070d800000, 0x000000070d800000| Untracked 
| 171|0x000000070d900000, 0x000000070d900000, 0x000000070da00000|  0%| F|  |TAMS 0x000000070d900000, 0x000000070d900000| Untracked 
| 172|0x000000070da00000, 0x000000070da00000, 0x000000070db00000|  0%| F|  |TAMS 0x000000070da00000, 0x000000070da00000| Untracked 
| 173|0x000000070db00000, 0x000000070db00000, 0x000000070dc00000|  0%| F|  |TAMS 0x000000070db00000, 0x000000070db00000| Untracked 
| 174|0x000000070dc00000, 0x000000070dc00000, 0x000000070dd00000|  0%| F|  |TAMS 0x000000070dc00000, 0x000000070dc00000| Untracked 
| 175|0x000000070dd00000, 0x000000070dd00000, 0x000000070de00000|  0%| F|  |TAMS 0x000000070dd00000, 0x000000070dd00000| Untracked 
| 176|0x000000070de00000, 0x000000070de00000, 0x000000070df00000|  0%| F|  |TAMS 0x000000070de00000, 0x000000070de00000| Untracked 
| 177|0x000000070df00000, 0x000000070df00000, 0x000000070e000000|  0%| F|  |TAMS 0x000000070df00000, 0x000000070df00000| Untracked 
| 178|0x000000070e000000, 0x000000070e000000, 0x000000070e100000|  0%| F|  |TAMS 0x000000070e000000, 0x000000070e000000| Untracked 
| 179|0x000000070e100000, 0x000000070e100000, 0x000000070e200000|  0%| F|  |TAMS 0x000000070e100000, 0x000000070e100000| Untracked 
| 180|0x000000070e200000, 0x000000070e200000, 0x000000070e300000|  0%| F|  |TAMS 0x000000070e200000, 0x000000070e200000| Untracked 
| 181|0x000000070e300000, 0x000000070e300000, 0x000000070e400000|  0%| F|  |TAMS 0x000000070e300000, 0x000000070e300000| Untracked 
| 182|0x000000070e400000, 0x000000070e400000, 0x000000070e500000|  0%| F|  |TAMS 0x000000070e400000, 0x000000070e400000| Untracked 
| 183|0x000000070e500000, 0x000000070e500000, 0x000000070e600000|  0%| F|  |TAMS 0x000000070e500000, 0x000000070e500000| Untracked 
| 184|0x000000070e600000, 0x000000070e600000, 0x000000070e700000|  0%| F|  |TAMS 0x000000070e600000, 0x000000070e600000| Untracked 
| 185|0x000000070e700000, 0x000000070e700000, 0x000000070e800000|  0%| F|  |TAMS 0x000000070e700000, 0x000000070e700000| Untracked 
| 186|0x000000070e800000, 0x000000070e800000, 0x000000070e900000|  0%| F|  |TAMS 0x000000070e800000, 0x000000070e800000| Untracked 
| 187|0x000000070e900000, 0x000000070e900000, 0x000000070ea00000|  0%| F|  |TAMS 0x000000070e900000, 0x000000070e900000| Untracked 
| 188|0x000000070ea00000, 0x000000070ea00000, 0x000000070eb00000|  0%| F|  |TAMS 0x000000070ea00000, 0x000000070ea00000| Untracked 
| 189|0x000000070eb00000, 0x000000070eb00000, 0x000000070ec00000|  0%| F|  |TAMS 0x000000070eb00000, 0x000000070eb00000| Untracked 
| 190|0x000000070ec00000, 0x000000070ec00000, 0x000000070ed00000|  0%| F|  |TAMS 0x000000070ec00000, 0x000000070ec00000| Untracked 
| 191|0x000000070ed00000, 0x000000070ed00000, 0x000000070ee00000|  0%| F|  |TAMS 0x000000070ed00000, 0x000000070ed00000| Untracked 
| 192|0x000000070ee00000, 0x000000070ee00000, 0x000000070ef00000|  0%| F|  |TAMS 0x000000070ee00000, 0x000000070ee00000| Untracked 
| 193|0x000000070ef00000, 0x000000070ef00000, 0x000000070f000000|  0%| F|  |TAMS 0x000000070ef00000, 0x000000070ef00000| Untracked 
| 194|0x000000070f000000, 0x000000070f000000, 0x000000070f100000|  0%| F|  |TAMS 0x000000070f000000, 0x000000070f000000| Untracked 
| 195|0x000000070f100000, 0x000000070f100000, 0x000000070f200000|  0%| F|  |TAMS 0x000000070f100000, 0x000000070f100000| Untracked 
| 196|0x000000070f200000, 0x000000070f200000, 0x000000070f300000|  0%| F|  |TAMS 0x000000070f200000, 0x000000070f200000| Untracked 
| 197|0x000000070f300000, 0x000000070f300000, 0x000000070f400000|  0%| F|  |TAMS 0x000000070f300000, 0x000000070f300000| Untracked 
| 198|0x000000070f400000, 0x000000070f400000, 0x000000070f500000|  0%| F|  |TAMS 0x000000070f400000, 0x000000070f400000| Untracked 
| 199|0x000000070f500000, 0x000000070f500000, 0x000000070f600000|  0%| F|  |TAMS 0x000000070f500000, 0x000000070f500000| Untracked 
| 200|0x000000070f600000, 0x000000070f600000, 0x000000070f700000|  0%| F|  |TAMS 0x000000070f600000, 0x000000070f600000| Untracked 
| 201|0x000000070f700000, 0x000000070f700000, 0x000000070f800000|  0%| F|  |TAMS 0x000000070f700000, 0x000000070f700000| Untracked 
| 202|0x000000070f800000, 0x000000070f800000, 0x000000070f900000|  0%| F|  |TAMS 0x000000070f800000, 0x000000070f800000| Untracked 
| 203|0x000000070f900000, 0x000000070f900000, 0x000000070fa00000|  0%| F|  |TAMS 0x000000070f900000, 0x000000070f900000| Untracked 
| 204|0x000000070fa00000, 0x000000070fa00000, 0x000000070fb00000|  0%| F|  |TAMS 0x000000070fa00000, 0x000000070fa00000| Untracked 
| 205|0x000000070fb00000, 0x000000070fb00000, 0x000000070fc00000|  0%| F|  |TAMS 0x000000070fb00000, 0x000000070fb00000| Untracked 
| 206|0x000000070fc00000, 0x000000070fc00000, 0x000000070fd00000|  0%| F|  |TAMS 0x000000070fc00000, 0x000000070fc00000| Untracked 
| 207|0x000000070fd00000, 0x000000070fd00000, 0x000000070fe00000|  0%| F|  |TAMS 0x000000070fd00000, 0x000000070fd00000| Untracked 
| 208|0x000000070fe00000, 0x000000070fe00000, 0x000000070ff00000|  0%| F|  |TAMS 0x000000070fe00000, 0x000000070fe00000| Untracked 
| 209|0x000000070ff00000, 0x000000070ff00000, 0x0000000710000000|  0%| F|  |TAMS 0x000000070ff00000, 0x000000070ff00000| Untracked 
| 210|0x0000000710000000, 0x0000000710000000, 0x0000000710100000|  0%| F|  |TAMS 0x0000000710000000, 0x0000000710000000| Untracked 
| 211|0x0000000710100000, 0x0000000710100000, 0x0000000710200000|  0%| F|  |TAMS 0x0000000710100000, 0x0000000710100000| Untracked 
| 212|0x0000000710200000, 0x0000000710200000, 0x0000000710300000|  0%| F|  |TAMS 0x0000000710200000, 0x0000000710200000| Untracked 
| 213|0x0000000710300000, 0x0000000710300000, 0x0000000710400000|  0%| F|  |TAMS 0x0000000710300000, 0x0000000710300000| Untracked 
| 214|0x0000000710400000, 0x0000000710400000, 0x0000000710500000|  0%| F|  |TAMS 0x0000000710400000, 0x0000000710400000| Untracked 
| 215|0x0000000710500000, 0x0000000710500000, 0x0000000710600000|  0%| F|  |TAMS 0x0000000710500000, 0x0000000710500000| Untracked 
| 216|0x0000000710600000, 0x0000000710600000, 0x0000000710700000|  0%| F|  |TAMS 0x0000000710600000, 0x0000000710600000| Untracked 
| 217|0x0000000710700000, 0x0000000710700000, 0x0000000710800000|  0%| F|  |TAMS 0x0000000710700000, 0x0000000710700000| Untracked 
| 218|0x0000000710800000, 0x0000000710800000, 0x0000000710900000|  0%| F|  |TAMS 0x0000000710800000, 0x0000000710800000| Untracked 
| 219|0x0000000710900000, 0x0000000710a00000, 0x0000000710a00000|100%| S|CS|TAMS 0x0000000710900000, 0x0000000710900000| Complete 
| 220|0x0000000710a00000, 0x0000000710b00000, 0x0000000710b00000|100%| S|CS|TAMS 0x0000000710a00000, 0x0000000710a00000| Complete 
| 221|0x0000000710b00000, 0x0000000710c00000, 0x0000000710c00000|100%| S|CS|TAMS 0x0000000710b00000, 0x0000000710b00000| Complete 
| 222|0x0000000710c00000, 0x0000000710d00000, 0x0000000710d00000|100%| S|CS|TAMS 0x0000000710c00000, 0x0000000710c00000| Complete 
| 223|0x0000000710d00000, 0x0000000710e00000, 0x0000000710e00000|100%| S|CS|TAMS 0x0000000710d00000, 0x0000000710d00000| Complete 
| 224|0x0000000710e00000, 0x0000000710f00000, 0x0000000710f00000|100%| S|CS|TAMS 0x0000000710e00000, 0x0000000710e00000| Complete 
| 225|0x0000000710f00000, 0x0000000710f00000, 0x0000000711000000|  0%| F|  |TAMS 0x0000000710f00000, 0x0000000710f00000| Untracked 
| 226|0x0000000711000000, 0x0000000711000000, 0x0000000711100000|  0%| F|  |TAMS 0x0000000711000000, 0x0000000711000000| Untracked 
| 227|0x0000000711100000, 0x0000000711100000, 0x0000000711200000|  0%| F|  |TAMS 0x0000000711100000, 0x0000000711100000| Untracked 
| 228|0x0000000711200000, 0x0000000711200000, 0x0000000711300000|  0%| F|  |TAMS 0x0000000711200000, 0x0000000711200000| Untracked 
| 229|0x0000000711300000, 0x0000000711300000, 0x0000000711400000|  0%| F|  |TAMS 0x0000000711300000, 0x0000000711300000| Untracked 
| 230|0x0000000711400000, 0x0000000711400000, 0x0000000711500000|  0%| F|  |TAMS 0x0000000711400000, 0x0000000711400000| Untracked 
| 231|0x0000000711500000, 0x0000000711500000, 0x0000000711600000|  0%| F|  |TAMS 0x0000000711500000, 0x0000000711500000| Untracked 
| 232|0x0000000711600000, 0x0000000711600000, 0x0000000711700000|  0%| F|  |TAMS 0x0000000711600000, 0x0000000711600000| Untracked 
| 233|0x0000000711700000, 0x0000000711700000, 0x0000000711800000|  0%| F|  |TAMS 0x0000000711700000, 0x0000000711700000| Untracked 
| 234|0x0000000711800000, 0x0000000711800000, 0x0000000711900000|  0%| F|  |TAMS 0x0000000711800000, 0x0000000711800000| Untracked 
| 235|0x0000000711900000, 0x0000000711900000, 0x0000000711a00000|  0%| F|  |TAMS 0x0000000711900000, 0x0000000711900000| Untracked 
| 236|0x0000000711a00000, 0x0000000711a00000, 0x0000000711b00000|  0%| F|  |TAMS 0x0000000711a00000, 0x0000000711a00000| Untracked 
| 237|0x0000000711b00000, 0x0000000711b00000, 0x0000000711c00000|  0%| F|  |TAMS 0x0000000711b00000, 0x0000000711b00000| Untracked 
| 238|0x0000000711c00000, 0x0000000711c00000, 0x0000000711d00000|  0%| F|  |TAMS 0x0000000711c00000, 0x0000000711c00000| Untracked 
| 239|0x0000000711d00000, 0x0000000711d00000, 0x0000000711e00000|  0%| F|  |TAMS 0x0000000711d00000, 0x0000000711d00000| Untracked 
| 240|0x0000000711e00000, 0x0000000711e00000, 0x0000000711f00000|  0%| F|  |TAMS 0x0000000711e00000, 0x0000000711e00000| Untracked 
| 241|0x0000000711f00000, 0x0000000711f00000, 0x0000000712000000|  0%| F|  |TAMS 0x0000000711f00000, 0x0000000711f00000| Untracked 
| 242|0x0000000712000000, 0x0000000712000000, 0x0000000712100000|  0%| F|  |TAMS 0x0000000712000000, 0x0000000712000000| Untracked 
| 243|0x0000000712100000, 0x0000000712100000, 0x0000000712200000|  0%| F|  |TAMS 0x0000000712100000, 0x0000000712100000| Untracked 
| 244|0x0000000712200000, 0x0000000712200000, 0x0000000712300000|  0%| F|  |TAMS 0x0000000712200000, 0x0000000712200000| Untracked 
| 245|0x0000000712300000, 0x0000000712300000, 0x0000000712400000|  0%| F|  |TAMS 0x0000000712300000, 0x0000000712300000| Untracked 
| 246|0x0000000712400000, 0x0000000712400000, 0x0000000712500000|  0%| F|  |TAMS 0x0000000712400000, 0x0000000712400000| Untracked 
| 247|0x0000000712500000, 0x0000000712500000, 0x0000000712600000|  0%| F|  |TAMS 0x0000000712500000, 0x0000000712500000| Untracked 
| 248|0x0000000712600000, 0x0000000712600000, 0x0000000712700000|  0%| F|  |TAMS 0x0000000712600000, 0x0000000712600000| Untracked 
| 249|0x0000000712700000, 0x0000000712700000, 0x0000000712800000|  0%| F|  |TAMS 0x0000000712700000, 0x0000000712700000| Untracked 
| 250|0x0000000712800000, 0x0000000712800000, 0x0000000712900000|  0%| F|  |TAMS 0x0000000712800000, 0x0000000712800000| Untracked 
| 251|0x0000000712900000, 0x0000000712900000, 0x0000000712a00000|  0%| F|  |TAMS 0x0000000712900000, 0x0000000712900000| Untracked 
| 252|0x0000000712a00000, 0x0000000712a00000, 0x0000000712b00000|  0%| F|  |TAMS 0x0000000712a00000, 0x0000000712a00000| Untracked 
| 253|0x0000000712b00000, 0x0000000712b00000, 0x0000000712c00000|  0%| F|  |TAMS 0x0000000712b00000, 0x0000000712b00000| Untracked 

Card table byte_map: [0x0000019e57be0000,0x0000019e583d0000] _byte_map_base: 0x0000019e543c9000

Marking Bits (Prev, Next): (CMBitMap*) 0x0000019e40835ce0, (CMBitMap*) 0x0000019e40835ca8
 Prev Bits: [0x0000019e5cb10000, 0x0000019e60a58000)
 Next Bits: [0x0000019e58bc0000, 0x0000019e5cb08000)

Polling page: 0x0000019e3e770000

Metaspace:

Usage:
  Non-class:     29.47 MB capacity,    28.87 MB ( 98%) used,   504.12 KB (  2%) free+waste,   108.69 KB ( <1%) overhead. 
      Class:      4.45 MB capacity,     4.09 MB ( 92%) used,   313.29 KB (  7%) free+waste,    54.69 KB (  1%) overhead. 
       Both:     33.92 MB capacity,    32.96 MB ( 97%) used,   817.41 KB (  2%) free+waste,   163.38 KB ( <1%) overhead. 

Virtual space:
  Non-class space:       38.00 MB reserved,      29.50 MB ( 78%) committed 
      Class space:        1.00 GB reserved,       4.50 MB ( <1%) committed 
             Both:        1.04 GB reserved,      34.00 MB (  3%) committed 

Chunk freelists:
   Non-Class:  4.00 KB
       Class:  2.50 KB
        Both:  6.50 KB

CodeHeap 'non-profiled nmethods': size=238336Kb used=5504Kb max_used=5504Kb free=232831Kb
 bounds [0x0000019e485e0000, 0x0000019e48b50000, 0x0000019e56ea0000]
CodeHeap 'non-nmethods': size=7424Kb used=1245Kb max_used=1245Kb free=6179Kb
 bounds [0x0000019e47ea0000, 0x0000019e48110000, 0x0000019e485e0000]
 total_blobs=3791 nmethods=3306 adapters=418
 compilation: enabled
              stopped_count=0, restarted_count=0
 full_count=0

Compilation events (10 events):
Event: 1.706 Thread 0x0000019e6410a800 3302       1       java.util.regex.Matcher::getSubSequence (12 bytes)
Event: 1.706 Thread 0x0000019e6410a800 nmethod 3302 0x0000019e48b3cc90 code [0x0000019e48b3ce20, 0x0000019e48b3cf28]
Event: 1.706 Thread 0x0000019e6410a800 3303       1       org.springframework.core.annotation.AnnotationAttributes::assertNotException (44 bytes)
Event: 1.707 Thread 0x0000019e6410a800 nmethod 3303 0x0000019e48b3cf90 code [0x0000019e48b3d1e0, 0x0000019e48b3da88]
Event: 1.707 Thread 0x0000019e6410a800 3304       1       org.springframework.core.annotation.AnnotationAttributes::assertAttributeType (54 bytes)
Event: 1.707 Thread 0x0000019e6410a800 nmethod 3304 0x0000019e48b3de10 code [0x0000019e48b3e0a0, 0x0000019e48b3eba8]
Event: 1.707 Thread 0x0000019e6410a800 3305       1       sun.reflect.annotation.AnnotationParser::parseArrayElements (101 bytes)
Event: 1.708 Thread 0x0000019e6410a800 nmethod 3305 0x0000019e48b3f110 code [0x0000019e48b3f320, 0x0000019e48b3f858]
Event: 1.711 Thread 0x0000019e6410a800 3306       1       org.springframework.core.annotation.TypeMappedAnnotation$$Lambda$121/0x00000008001d1840::extract (6 bytes)
Event: 1.711 Thread 0x0000019e6410a800 nmethod 3306 0x0000019e48b3fb90 code [0x0000019e48b3fd80, 0x0000019e48b40098]

GC Heap History (10 events):
Event: 0.948 GC heap before
{Heap before GC invocations=2 (full 0):
 garbage-first heap   total 260096K, used 63031K [0x0000000702e00000, 0x0000000800000000)
  region size 1024K, 54 young (55296K), 1 survivors (1024K)
 Metaspace       used 19522K, capacity 19949K, committed 20096K, reserved 1067008K
  class space    used 2141K, capacity 2320K, committed 2432K, reserved 1048576K
}
Event: 0.949 GC heap after
{Heap after GC invocations=3 (full 0):
 garbage-first heap   total 260096K, used 8516K [0x0000000702e00000, 0x0000000800000000)
  region size 1024K, 2 young (2048K), 2 survivors (2048K)
 Metaspace       used 19522K, capacity 19949K, committed 20096K, reserved 1067008K
  class space    used 2141K, capacity 2320K, committed 2432K, reserved 1048576K
}
Event: 1.078 GC heap before
{Heap before GC invocations=3 (full 0):
 garbage-first heap   total 260096K, used 19780K [0x0000000702e00000, 0x0000000800000000)
  region size 1024K, 14 young (14336K), 2 survivors (2048K)
 Metaspace       used 20646K, capacity 21190K, committed 21248K, reserved 1069056K
  class space    used 2320K, capacity 2558K, committed 2560K, reserved 1048576K
}
Event: 1.080 GC heap after
{Heap after GC invocations=4 (full 0):
 garbage-first heap   total 260096K, used 8953K [0x0000000702e00000, 0x0000000800000000)
  region size 1024K, 2 young (2048K), 2 survivors (2048K)
 Metaspace       used 20646K, capacity 21190K, committed 21248K, reserved 1069056K
  class space    used 2320K, capacity 2558K, committed 2560K, reserved 1048576K
}
Event: 1.341 GC heap before
{Heap before GC invocations=5 (full 0):
 garbage-first heap   total 260096K, used 98041K [0x0000000702e00000, 0x0000000800000000)
  region size 1024K, 90 young (92160K), 2 survivors (2048K)
 Metaspace       used 26506K, capacity 27309K, committed 27516K, reserved 1073152K
  class space    used 3271K, capacity 3576K, committed 3708K, reserved 1048576K
}
Event: 1.344 GC heap after
{Heap after GC invocations=6 (full 0):
 garbage-first heap   total 260096K, used 10643K [0x0000000702e00000, 0x0000000800000000)
  region size 1024K, 4 young (4096K), 4 survivors (4096K)
 Metaspace       used 26506K, capacity 27309K, committed 27516K, reserved 1073152K
  class space    used 3271K, capacity 3576K, committed 3708K, reserved 1048576K
}
Event: 1.576 GC heap before
{Heap before GC invocations=6 (full 0):
 garbage-first heap   total 260096K, used 131475K [0x0000000702e00000, 0x0000000800000000)
  region size 1024K, 123 young (125952K), 4 survivors (4096K)
 Metaspace       used 32801K, capacity 33759K, committed 33916K, reserved 1079296K
  class space    used 4039K, capacity 4388K, committed 4476K, reserved 1048576K
}
Event: 1.579 GC heap after
{Heap after GC invocations=7 (full 0):
 garbage-first heap   total 260096K, used 12840K [0x0000000702e00000, 0x0000000800000000)
  region size 1024K, 6 young (6144K), 6 survivors (6144K)
 Metaspace       used 32801K, capacity 33759K, committed 33916K, reserved 1079296K
  class space    used 4039K, capacity 4388K, committed 4476K, reserved 1048576K
}
Event: 1.712 GC heap before
{Heap before GC invocations=7 (full 0):
 garbage-first heap   total 260096K, used 41512K [0x0000000702e00000, 0x0000000800000000)
  region size 1024K, 35 young (35840K), 6 survivors (6144K)
 Metaspace       used 33751K, capacity 34732K, committed 34812K, reserved 1085440K
  class space    used 4188K, capacity 4556K, committed 4604K, reserved 1048576K
}
Event: 1.717 GC heap after
{Heap after GC invocations=8 (full 0):
 garbage-first heap   total 260096K, used 13113K [0x0000000702e00000, 0x0000000800000000)
  region size 1024K, 6 young (6144K), 6 survivors (6144K)
 Metaspace       used 33751K, capacity 34732K, committed 34812K, reserved 1085440K
  class space    used 4188K, capacity 4556K, committed 4604K, reserved 1048576K
}

Deoptimization events (0 events):
No events

Classes redefined (0 events):
No events

Internal exceptions (10 events):
Event: 1.413 Thread 0x0000019e65b6c000 Exception <a 'java/lang/NoSuchMethodError'{0x0000000710935dd0}: java.lang.invoke.DirectMethodHandle$Holder.invokeStatic(Ljava/lang/Object;Ljava/lang/Object;Ljava/lang/Object;Ljava/lang/Object;I)Ljava/lang/Object;> (0x0000000710935dd0) thrown at [./open/sr
Event: 1.434 Thread 0x0000019e65992000 Exception <a 'java/lang/NoClassDefFoundError'{0x000000070fc4f4f8}: javax/servlet/Filter> (0x000000070fc4f4f8) thrown at [./open/src/hotspot/share/classfile/systemDictionary.cpp, line 215]
Event: 1.446 Thread 0x0000019e65992000 Exception <a 'java/lang/IncompatibleClassChangeError'{0x000000070f505ed8}: Found class java.lang.Object, but interface was expected> (0x000000070f505ed8) thrown at [./open/src/hotspot/share/interpreter/linkResolver.cpp, line 838]
Event: 1.551 Thread 0x0000019e64ed2800 Exception <a 'java/lang/reflect/InvocationTargetException'{0x000000070bd82340}> (0x000000070bd82340) thrown at [./open/src/hotspot/share/runtime/reflection.cpp, line 1242]
Event: 1.571 Thread 0x0000019e65b6c000 Exception <a 'java/lang/NoSuchMethodError'{0x000000070b25cbf0}: java.lang.invoke.DirectMethodHandle$Holder.invokeSpecial(Ljava/lang/Object;Ljava/lang/Object;)J> (0x000000070b25cbf0) thrown at [./open/src/hotspot/share/interpreter/linkResolver.cpp, line 77
Event: 1.572 Thread 0x0000019e65b6c000 Exception <a 'java/lang/NoSuchMethodError'{0x000000070b2670e0}: java.lang.invoke.DirectMethodHandle$Holder.invokeStatic(Ljava/lang/Object;Ljava/lang/Object;)J> (0x000000070b2670e0) thrown at [./open/src/hotspot/share/interpreter/linkResolver.cpp, line 772
Event: 1.572 Thread 0x0000019e65b6c000 Exception <a 'java/lang/NoSuchMethodError'{0x000000070b269f08}: java.lang.invoke.DirectMethodHandle$Holder.invokeStaticInit(Ljava/lang/Object;Ljava/lang/Object;)J> (0x000000070b269f08) thrown at [./open/src/hotspot/share/interpreter/linkResolver.cpp, line
Event: 1.573 Thread 0x0000019e65b6c000 Exception <a 'java/lang/NoSuchMethodError'{0x000000070b2763c8}: java.lang.invoke.DirectMethodHandle$Holder.invokeInterface(Ljava/lang/Object;Ljava/lang/Object;)J> (0x000000070b2763c8) thrown at [./open/src/hotspot/share/interpreter/linkResolver.cpp, line 
Event: 1.573 Thread 0x0000019e65b6c000 Exception <a 'java/lang/IncompatibleClassChangeError'{0x000000070b279160}: Found class java.lang.Object, but interface was expected> (0x000000070b279160) thrown at [./open/src/hotspot/share/interpreter/linkResolver.cpp, line 838]
Event: 1.583 Thread 0x0000019e65b6c000 Exception <a 'java/lang/NoSuchMethodError'{0x0000000712a5fa90}: java.lang.invoke.DirectMethodHandle$Holder.invokeVirtual(Ljava/lang/Object;Ljava/lang/Object;Ljava/lang/Object;Ljava/lang/Object;)Ljava/lang/Object;> (0x0000000712a5fa90) thrown at [./open/sr

Events (10 events):
Event: 1.711 loading class org/springframework/beans/factory/support/AbstractAutowireCapableBeanFactory$FactoryBeanMethodTypeFinder done
Event: 1.712 loading class org/springframework/web/reactive/socket/server/WebSocketService
Event: 1.712 loading class org/springframework/web/reactive/socket/server/WebSocketService done
Event: 1.712 loading class org/springframework/cloud/gateway/route/RouteLocator
Event: 1.712 loading class org/springframework/cloud/gateway/route/RouteLocator done
Event: 1.712 loading class org/springframework/cloud/gateway/filter/factory/AddRequestParameterGatewayFilterFactory
Event: 1.712 loading class org/springframework/cloud/gateway/filter/factory/AddRequestParameterGatewayFilterFactory done
Event: 1.712 loading class org/springframework/cloud/gateway/filter/factory/AbstractNameValueGatewayFilterFactory
Event: 1.712 loading class org/springframework/cloud/gateway/filter/factory/AbstractNameValueGatewayFilterFactory done
Event: 1.712 Executing VM operation: CollectForMetadataAllocation


Dynamic libraries:
0x00007ff70af20000 - 0x00007ff70af30000 	C:\Program Files\Java\jdk-11\bin\javaw.exe
0x00007ff9c14b0000 - 0x00007ff9c16a5000 	C:\Windows\SYSTEM32\ntdll.dll
0x00007ff9bfd60000 - 0x00007ff9bfe1e000 	C:\Windows\System32\KERNEL32.DLL
0x00007ff9becd0000 - 0x00007ff9bef98000 	C:\Windows\System32\KERNELBASE.dll
0x00007ff9bebd0000 - 0x00007ff9becd0000 	C:\Windows\System32\ucrtbase.dll
0x00007ff992bb0000 - 0x00007ff992bc8000 	C:\Program Files\Java\jdk-11\bin\jli.dll
0x00007ff98ae50000 - 0x00007ff98ae6b000 	C:\Program Files\Java\jdk-11\bin\VCRUNTIME140.dll
0x00007ff9bf510000 - 0x00007ff9bf5be000 	C:\Windows\System32\ADVAPI32.dll
0x00007ff9c04a0000 - 0x00007ff9c053e000 	C:\Windows\System32\msvcrt.dll
0x00007ff9bfb10000 - 0x00007ff9bfbac000 	C:\Windows\System32\sechost.dll
0x00007ff9bf820000 - 0x00007ff9bf945000 	C:\Windows\System32\RPCRT4.dll
0x00007ff9bfe20000 - 0x00007ff9bffc0000 	C:\Windows\System32\USER32.dll
0x00007ff9bf440000 - 0x00007ff9bf462000 	C:\Windows\System32\win32u.dll
0x00007ff9bf7f0000 - 0x00007ff9bf81b000 	C:\Windows\System32\GDI32.dll
0x00007ff9b00b0000 - 0x00007ff9b034a000 	C:\Windows\WinSxS\amd64_microsoft.windows.common-controls_6595b64144ccf1df_6.0.19041.1110_none_60b5254171f9507e\COMCTL32.dll
0x00007ff9befa0000 - 0x00007ff9bf0ab000 	C:\Windows\System32\gdi32full.dll
0x00007ff9bf470000 - 0x00007ff9bf50d000 	C:\Windows\System32\msvcp_win.dll
0x00007ff9b6ba0000 - 0x00007ff9b6baa000 	C:\Windows\SYSTEM32\VERSION.dll
0x00007ff9bfae0000 - 0x00007ff9bfb10000 	C:\Windows\System32\IMM32.DLL
0x00007ff999930000 - 0x00007ff99993c000 	C:\Program Files\Java\jdk-11\bin\vcruntime140_1.dll
0x00007ff97d900000 - 0x00007ff97d98e000 	C:\Program Files\Java\jdk-11\bin\msvcp140.dll
0x00007ff91f5b0000 - 0x00007ff920118000 	C:\Program Files\Java\jdk-11\bin\server\jvm.dll
0x00007ff9bf950000 - 0x00007ff9bf958000 	C:\Windows\System32\PSAPI.DLL
0x00007ff9b11b0000 - 0x00007ff9b11d7000 	C:\Windows\SYSTEM32\WINMM.dll
0x00007ff9b6dd0000 - 0x00007ff9b6dd9000 	C:\Windows\SYSTEM32\WSOCK32.dll
0x00007ff9bf960000 - 0x00007ff9bf9cb000 	C:\Windows\System32\WS2_32.dll
0x00007ff9bca20000 - 0x00007ff9bca32000 	C:\Windows\SYSTEM32\kernel.appcore.dll
0x00007ff992c80000 - 0x00007ff992c90000 	C:\Program Files\Java\jdk-11\bin\verify.dll
0x00007ff9b0980000 - 0x00007ff9b0b64000 	C:\Windows\SYSTEM32\DBGHELP.DLL
0x00007ff9b1020000 - 0x00007ff9b104c000 	C:\Windows\SYSTEM32\dbgcore.DLL
0x00007ff9bf0b0000 - 0x00007ff9bf132000 	C:\Windows\System32\bcryptPrimitives.dll
0x00007ff98ae20000 - 0x00007ff98ae48000 	C:\Program Files\Java\jdk-11\bin\java.dll
0x00007ff9921c0000 - 0x00007ff9921ca000 	C:\Program Files\Java\jdk-11\bin\jimage.dll
0x00007ff97e630000 - 0x00007ff97e668000 	C:\Program Files\Java\jdk-11\bin\jdwp.dll
0x00007ff984080000 - 0x00007ff98408e000 	C:\Program Files\Java\jdk-11\bin\instrument.dll
0x00007ff98ac90000 - 0x00007ff98aca7000 	C:\Program Files\Java\jdk-11\bin\zip.dll
0x00007ff9c0bf0000 - 0x00007ff9c1334000 	C:\Windows\System32\SHELL32.dll
0x00007ff9bcc20000 - 0x00007ff9bd3b4000 	C:\Windows\SYSTEM32\windows.storage.dll
0x00007ff9c0880000 - 0x00007ff9c0bd4000 	C:\Windows\System32\combase.dll
0x00007ff9be560000 - 0x00007ff9be58c000 	C:\Windows\SYSTEM32\Wldp.dll
0x00007ff9bf9d0000 - 0x00007ff9bfa7d000 	C:\Windows\System32\SHCORE.dll
0x00007ff9c0440000 - 0x00007ff9c0495000 	C:\Windows\System32\shlwapi.dll
0x00007ff9beb10000 - 0x00007ff9beb2f000 	C:\Windows\SYSTEM32\profapi.dll
0x00007ff984070000 - 0x00007ff98407b000 	C:\Program Files\Java\jdk-11\bin\dt_socket.dll
0x00007ff9be2c0000 - 0x00007ff9be32a000 	C:\Windows\System32\mswsock.dll
0x00007ff9bdff0000 - 0x00007ff9be0ba000 	C:\Windows\SYSTEM32\DNSAPI.dll
0x00007ff9bdfb0000 - 0x00007ff9bdfeb000 	C:\Windows\SYSTEM32\IPHLPAPI.DLL
0x00007ff9c0be0000 - 0x00007ff9c0be8000 	C:\Windows\System32\NSI.dll
0x00007ff9ba3e0000 - 0x00007ff9ba45f000 	C:\Windows\System32\fwpuclnt.dll
0x00007ff9bf140000 - 0x00007ff9bf167000 	C:\Windows\System32\bcrypt.dll
0x00007ff9b9340000 - 0x00007ff9b934a000 	C:\Windows\System32\rasadhlp.dll
0x00007ff98ac70000 - 0x00007ff98ac89000 	C:\Program Files\Java\jdk-11\bin\net.dll
0x00007ff9b8840000 - 0x00007ff9b8949000 	C:\Windows\SYSTEM32\WINHTTP.dll
0x00007ff989be0000 - 0x00007ff989bf2000 	C:\Program Files\Java\jdk-11\bin\nio.dll
0x00007ff98b0f0000 - 0x00007ff98b0f9000 	C:\Program Files\Java\jdk-11\bin\management.dll
0x00007ff98b200000 - 0x00007ff98b20b000 	C:\Program Files\Java\jdk-11\bin\management_ext.dll
0x00007ff9b4230000 - 0x00007ff9b4247000 	C:\Windows\system32\napinsp.dll
0x00007ff9b42b0000 - 0x00007ff9b42cb000 	C:\Windows\system32\pnrpnsp.dll
0x00007ff9b4930000 - 0x00007ff9b4945000 	C:\Windows\system32\wshbth.dll
0x00007ff9bbe00000 - 0x00007ff9bbe1d000 	C:\Windows\system32\NLAapi.dll
0x00007ff9b5000000 - 0x00007ff9b5012000 	C:\Windows\System32\winrnr.dll
0x00007ff9be4b0000 - 0x00007ff9be4c8000 	C:\Windows\SYSTEM32\CRYPTSP.dll
0x00007ff9bdc40000 - 0x00007ff9bdc74000 	C:\Windows\system32\rsaenh.dll
0x00007ff9bead0000 - 0x00007ff9beafe000 	C:\Windows\SYSTEM32\USERENV.dll
0x00007ff9be4d0000 - 0x00007ff9be4dc000 	C:\Windows\SYSTEM32\CRYPTBASE.dll
0x00007ff9ba0e0000 - 0x00007ff9ba0f7000 	C:\Windows\SYSTEM32\dhcpcsvc6.DLL
0x00007ff9ba0c0000 - 0x00007ff9ba0dd000 	C:\Windows\SYSTEM32\dhcpcsvc.DLL

dbghelp: loaded successfully - version: 4.0.5 - missing functions: none
symbol engine: initialized successfully - sym options: 0x614 - pdb path: .;C:\Program Files\Java\jdk-11\bin;C:\Windows\SYSTEM32;C:\Windows\WinSxS\amd64_microsoft.windows.common-controls_6595b64144ccf1df_6.0.19041.1110_none_60b5254171f9507e;C:\Program Files\Java\jdk-11\bin\server

VM Arguments:
jvm_args: -agentlib:jdwp=transport=dt_socket,suspend=y,address=localhost:53830 -Dcom.sun.management.jmxremote -Dcom.sun.management.jmxremote.port=53827 -Dcom.sun.management.jmxremote.authenticate=false -Dcom.sun.management.jmxremote.ssl=false -Djava.rmi.server.hostname=localhost -Dspring.jmx.enabled=true -Dspring.application.admin.enabled=true -XX:TieredStopAtLevel=1 -Dspring.boot.project.name=auth-service -javaagent:M:\program\Eclipse\eclipse\configuration\org.eclipse.osgi\225\0\.cp\lib\javaagent-shaded.jar -Dfile.encoding=UTF-8 
java_command: com.manhnd.apigateway.ApiGatewayApplication
java_class_path (initial): M:\program\Project\microservice\api-gateway\target\classes;C:\Users\manhnd43\.m2\repository\org\springframework\boot\spring-boot-starter-webflux\2.7.0\spring-boot-starter-webflux-2.7.0.jar;C:\Users\manhnd43\.m2\repository\org\springframework\boot\spring-boot-starter\2.7.0\spring-boot-starter-2.7.0.jar;C:\Users\manhnd43\.m2\repository\org\springframework\boot\spring-boot-starter-logging\2.7.0\spring-boot-starter-logging-2.7.0.jar;C:\Users\manhnd43\.m2\repository\ch\qos\logback\logback-classic\1.2.11\logback-classic-1.2.11.jar;C:\Users\manhnd43\.m2\repository\ch\qos\logback\logback-core\1.2.11\logback-core-1.2.11.jar;C:\Users\manhnd43\.m2\repository\org\apache\logging\log4j\log4j-to-slf4j\2.17.2\log4j-to-slf4j-2.17.2.jar;C:\Users\manhnd43\.m2\repository\org\apache\logging\log4j\log4j-api\2.17.2\log4j-api-2.17.2.jar;C:\Users\manhnd43\.m2\repository\org\slf4j\jul-to-slf4j\1.7.36\jul-to-slf4j-1.7.36.jar;C:\Users\manhnd43\.m2\repository\jakarta\annotation\jakarta.annotation-api\1.3.5\jakarta.annotation-api-1.3.5.jar;C:\Users\manhnd43\.m2\repository\org\yaml\snakeyaml\1.30\snakeyaml-1.30.jar;C:\Users\manhnd43\.m2\repository\org\springframework\boot\spring-boot-starter-json\2.7.0\spring-boot-starter-json-2.7.0.jar;C:\Users\manhnd43\.m2\repository\com\fasterxml\jackson\datatype\jackson-datatype-jdk8\2.13.3\jackson-datatype-jdk8-2.13.3.jar;C:\Users\manhnd43\.m2\repository\com\fasterxml\jackson\datatype\jackson-datatype-jsr310\2.13.3\jackson-datatype-jsr310-2.13.3.jar;C:\Users\manhnd43\.m2\repository\com\fasterxml\jackson\module\jackson-module-parameter-names\2.13.3\jackson-module-parameter-names-2.13.3.jar;C:\Users\manhnd43\.m2\repository\org\springframework\boot\spring-boot-starter-reactor-netty\2.7.0\spring-boot-starter-reactor-netty-2.7.0.jar;C:\Users\manhnd43\.m2\repository\io\projectreactor\netty\reactor-netty-http\1.0.19\reactor-netty-http-1.0.19.jar;C:\Users\manhnd43\.m2\repository\io\netty\netty-codec-http\4.1.77.Final\netty-codec-http-4.1
Launcher Type: SUN_STANDARD

[Global flags]
     intx CICompilerCount                          = 4                                         {product} {ergonomic}
     uint ConcGCThreads                            = 3                                         {product} {ergonomic}
     uint G1ConcRefinementThreads                  = 10                                        {product} {ergonomic}
   size_t G1HeapRegionSize                         = 1048576                                   {product} {ergonomic}
    uintx GCDrainStackTargetSize                   = 64                                        {product} {ergonomic}
   size_t InitialHeapSize                          = 266338304                                 {product} {ergonomic}
     bool ManagementServer                         = true                                      {product} {command line}
   size_t MarkStackSize                            = 4194304                                   {product} {ergonomic}
   size_t MaxHeapSize                              = 4246732800                                {product} {ergonomic}
   size_t MaxNewSize                               = 2548039680                                {product} {ergonomic}
   size_t MinHeapDeltaBytes                        = 1048576                                   {product} {ergonomic}
    uintx NonNMethodCodeHeapSize                   = 7549744                                {pd product} {ergonomic}
    uintx NonProfiledCodeHeapSize                  = 244108496                              {pd product} {ergonomic}
    uintx ProfiledCodeHeapSize                     = 0                                      {pd product} {ergonomic}
    uintx ReservedCodeCacheSize                    = 251658240                              {pd product} {ergonomic}
     bool SegmentedCodeCache                       = true                                      {product} {ergonomic}
     intx TieredStopAtLevel                        = 1                                         {product} {command line}
     bool UseCompressedClassPointers               = true                                 {lp64_product} {ergonomic}
     bool UseCompressedOops                        = true                                 {lp64_product} {ergonomic}
     bool UseG1GC                                  = true                                      {product} {ergonomic}
     bool UseLargePagesIndividualAllocation        = false                                  {pd product} {ergonomic}

Logging:
Log output configuration:
 #0: stdout all=warning uptime,level,tags
 #1: stderr all=off uptime,level,tags

Environment Variables:
JAVA_HOME=C:\Program Files\Java\jdk-11
JRE_HOME=C:\Program Files\Java\jre1.8.0_341
PATH=M:/program/Eclipse/eclipse//plugins/org.eclipse.justj.openjdk.hotspot.jre.full.win32.x86_64_17.0.2.v20220201-1208/jre/bin/server;M:/program/Eclipse/eclipse//plugins/org.eclipse.justj.openjdk.hotspot.jre.full.win32.x86_64_17.0.2.v20220201-1208/jre/bin;C:\Program Files\Common Files\Oracle\Java\javapath;C:\Program Files (x86)\Common Files\Oracle\Java\javapath;C:\Windows\system32;C:\Windows;C:\Windows\System32\Wbem;C:\Windows\System32\WindowsPowerShell\v1.0\;C:\Windows\System32\OpenSSH\;C:\Program Files\Git\cmd;C:\Program Files\TortoiseSVN\bin;C:\Program Files\Java\jdk1.8.0_202;%MAVEN_HOME%\bin;C:\Program Files\TortoiseGit\bin;C:\Program Files\Docker\Docker\resources\bin;C:\Program Files\dotnet\;C:\Program Files\Microsoft SQL Server\Client SDK\ODBC\170\Tools\Binn\;C:\Program Files (x86)\Microsoft SQL Server\160\DTS\Binn\;C:\Program Files\nodejs\;C:\Program Files\Microsoft SQL Server\150\Tools\Binn\;C:\Program Files\Microsoft SQL Server\Client SDK\ODBC\130\Tools\Binn\;C:\Program Files (x86)\Microsoft SQL Server\140\Tools\Binn\;C:\Program Files\Microsoft SQL Server\140\Tools\Binn\;C:\Program Files\Microsoft SQL Server\140\DTS\Binn\;C:\Program Files\Java\jre1.8.0_361\bin\;C:\Program Files\MySQL\MySQL Shell 8.0\bin\;C:\Users\manhnd43\AppData\Local\Microsoft\WindowsApps;C:\Users\manhnd43\.dotnet\tools;C:\Program Files\Azure Data Studio\bin;M:\program\Visual Code\Microsoft VS Code\bin;C:\Users\manhnd43\AppData\Roaming\npm;M:\program\Eclipse\eclipse;
USERNAME=manhnd43
OS=Windows_NT
PROCESSOR_IDENTIFIER=Intel64 Family 6 Model 165 Stepping 3, GenuineIntel



---------------  S Y S T E M  ---------------

OS: Windows 10 , 64 bit Build 19041 (10.0.19041.1566)

CPU:total 12 (initial active 12) (6 cores per cpu, 2 threads per core) family 6 model 165 stepping 3 microcode 0xea, cmov, cx8, fxsr, mmx, sse, sse2, sse3, ssse3, sse4.1, sse4.2, popcnt, avx, avx2, aes, clmul, erms, 3dnowpref, lzcnt, ht, tsc, tscinvbit, bmi1, bmi2, adx, fma

Memory: 4k page, system-wide physical 16194M (1187M free)
TotalPageFile size 33840M (AvailPageFile size 8M)
current process WorkingSet (physical memory assigned to process): 231M, peak: 231M
current process commit charge ("private bytes"): 396M, peak: 397M

vm_info: Java HotSpot(TM) 64-Bit Server VM (11.0.18+9-LTS-195) for windows-amd64 JRE (11.0.18+9-LTS-195), built on Dec  6 2022 15:50:58 by "mach5one" with MS VC++ 17.1 (VS2022)

END.
